This is pdfTeX, Version 3.141592653-2.6-1.40.24 (TeX Live 2022) (preloaded format=pdflatex 2022.8.2)  4 SEP 2022 11:41
entering extended mode
 \write18 enabled.
 %&-line parsing enabled.
**\def\tikzexternalrealjob{main}\input{main}
(./main.tex (/usr/local/texlive/2022/texmf-dist/tex/latex/base/article.cls
Document Class: article 2021/10/04 v1.4n Standard LaTeX document class
(/usr/local/texlive/2022/texmf-dist/tex/latex/base/size11.clo
File: size11.clo 2021/10/04 v1.4n Standard LaTeX file (size option)
)
\c@part=\count185
\c@section=\count186
\c@subsection=\count187
\c@subsubsection=\count188
\c@paragraph=\count189
\c@subparagraph=\count190
\c@figure=\count191
\c@table=\count192
\abovecaptionskip=\skip47
\belowcaptionskip=\skip48
\bibindent=\dimen138
) (/usr/local/texlive/2022/texmf-dist/tex/latex/graphics/graphicx.sty
Package: graphicx 2021/09/16 v1.2d Enhanced LaTeX Graphics (DPC,SPQR)
(/usr/local/texlive/2022/texmf-dist/tex/latex/graphics/keyval.sty
Package: keyval 2014/10/28 v1.15 key=value parser (DPC)
\KV@toks@=\toks16
) (/usr/local/texlive/2022/texmf-dist/tex/latex/graphics/graphics.sty
Package: graphics 2021/03/04 v1.4d Standard LaTeX Graphics (DPC,SPQR)
(/usr/local/texlive/2022/texmf-dist/tex/latex/graphics/trig.sty
Package: trig 2021/08/11 v1.11 sin cos tan (DPC)
) (/usr/local/texlive/2022/texmf-dist/tex/latex/graphics-cfg/graphics.cfg
File: graphics.cfg 2016/06/04 v1.11 sample graphics configuration
)
Package graphics Info: Driver file: pdftex.def on input line 107.
(/usr/local/texlive/2022/texmf-dist/tex/latex/graphics-def/pdftex.def
File: pdftex.def 2020/10/05 v1.2a Graphics/color driver for pdftex
))
\Gin@req@height=\dimen139
\Gin@req@width=\dimen140
) (/usr/local/texlive/2022/texmf-dist/tex/latex/hyperref/hyperref.sty
Package: hyperref 2022-02-21 v7.00n Hypertext links for LaTeX
(/usr/local/texlive/2022/texmf-dist/tex/generic/ltxcmds/ltxcmds.sty
Package: ltxcmds 2020-05-10 v1.25 LaTeX kernel commands for general use (HO)
) (/usr/local/texlive/2022/texmf-dist/tex/generic/iftex/iftex.sty
Package: iftex 2022/02/03 v1.0f TeX engine tests
) (/usr/local/texlive/2022/texmf-dist/tex/generic/pdftexcmds/pdftexcmds.sty
Package: pdftexcmds 2020-06-27 v0.33 Utility functions of pdfTeX for LuaTeX (HO)
(/usr/local/texlive/2022/texmf-dist/tex/generic/infwarerr/infwarerr.sty
Package: infwarerr 2019/12/03 v1.5 Providing info/warning/error messages (HO)
)
Package pdftexcmds Info: \pdf@primitive is available.
Package pdftexcmds Info: \pdf@ifprimitive is available.
Package pdftexcmds Info: \pdfdraftmode found.
) (/usr/local/texlive/2022/texmf-dist/tex/generic/kvsetkeys/kvsetkeys.sty
Package: kvsetkeys 2019/12/15 v1.18 Key value parser (HO)
) (/usr/local/texlive/2022/texmf-dist/tex/generic/kvdefinekeys/kvdefinekeys.sty
Package: kvdefinekeys 2019-12-19 v1.6 Define keys (HO)
) (/usr/local/texlive/2022/texmf-dist/tex/generic/pdfescape/pdfescape.sty
Package: pdfescape 2019/12/09 v1.15 Implements pdfTeX's escape features (HO)
) (/usr/local/texlive/2022/texmf-dist/tex/latex/hycolor/hycolor.sty
Package: hycolor 2020-01-27 v1.10 Color options for hyperref/bookmark (HO)
) (/usr/local/texlive/2022/texmf-dist/tex/latex/letltxmacro/letltxmacro.sty
Package: letltxmacro 2019/12/03 v1.6 Let assignment for LaTeX macros (HO)
) (/usr/local/texlive/2022/texmf-dist/tex/latex/auxhook/auxhook.sty
Package: auxhook 2019-12-17 v1.6 Hooks for auxiliary files (HO)
) (/usr/local/texlive/2022/texmf-dist/tex/latex/kvoptions/kvoptions.sty
Package: kvoptions 2020-10-07 v3.14 Key value format for package options (HO)
)
\@linkdim=\dimen141
\Hy@linkcounter=\count193
\Hy@pagecounter=\count194
(/usr/local/texlive/2022/texmf-dist/tex/latex/hyperref/pd1enc.def
File: pd1enc.def 2022-02-21 v7.00n Hyperref: PDFDocEncoding definition (HO)
Now handling font encoding PD1 ...
... no UTF-8 mapping file for font encoding PD1
) (/usr/local/texlive/2022/texmf-dist/tex/generic/intcalc/intcalc.sty
Package: intcalc 2019/12/15 v1.3 Expandable calculations with integers (HO)
) (/usr/local/texlive/2022/texmf-dist/tex/generic/etexcmds/etexcmds.sty
Package: etexcmds 2019/12/15 v1.7 Avoid name clashes with e-TeX commands (HO)
)
\Hy@SavedSpaceFactor=\count195
(/usr/local/texlive/2022/texmf-dist/tex/latex/hyperref/puenc.def
File: puenc.def 2022-02-21 v7.00n Hyperref: PDF Unicode definition (HO)
Now handling font encoding PU ...
... no UTF-8 mapping file for font encoding PU
)
Package hyperref Info: Hyper figures OFF on input line 4137.
Package hyperref Info: Link nesting OFF on input line 4142.
Package hyperref Info: Hyper index ON on input line 4145.
Package hyperref Info: Plain pages OFF on input line 4152.
Package hyperref Info: Backreferencing OFF on input line 4157.
Package hyperref Info: Implicit mode ON; LaTeX internals redefined.
Package hyperref Info: Bookmarks ON on input line 4390.
\c@Hy@tempcnt=\count196
(/usr/local/texlive/2022/texmf-dist/tex/latex/url/url.sty
\Urlmuskip=\muskip16
Package: url 2013/09/16  ver 3.4  Verb mode for urls, etc.
)
LaTeX Info: Redefining \url on input line 4749.
\XeTeXLinkMargin=\dimen142
(/usr/local/texlive/2022/texmf-dist/tex/generic/bitset/bitset.sty
Package: bitset 2019/12/09 v1.3 Handle bit-vector datatype (HO)
(/usr/local/texlive/2022/texmf-dist/tex/generic/bigintcalc/bigintcalc.sty
Package: bigintcalc 2019/12/15 v1.5 Expandable calculations on big integers (HO)
))
\Fld@menulength=\count197
\Field@Width=\dimen143
\Fld@charsize=\dimen144
Package hyperref Info: Hyper figures OFF on input line 6027.
Package hyperref Info: Link nesting OFF on input line 6032.
Package hyperref Info: Hyper index ON on input line 6035.
Package hyperref Info: backreferencing OFF on input line 6042.
Package hyperref Info: Link coloring OFF on input line 6047.
Package hyperref Info: Link coloring with OCG OFF on input line 6052.
Package hyperref Info: PDF/A mode OFF on input line 6057.
LaTeX Info: Redefining \ref on input line 6097.
LaTeX Info: Redefining \pageref on input line 6101.
(/usr/local/texlive/2022/texmf-dist/tex/latex/base/atbegshi-ltx.sty
Package: atbegshi-ltx 2021/01/10 v1.0c Emulation of the original atbegshi
package with kernel methods
)
\Hy@abspage=\count198
\c@Item=\count199
\c@Hfootnote=\count266
)
Package hyperref Info: Driver (autodetected): hpdftex.
(/usr/local/texlive/2022/texmf-dist/tex/latex/hyperref/hpdftex.def
File: hpdftex.def 2022-02-21 v7.00n Hyperref driver for pdfTeX
(/usr/local/texlive/2022/texmf-dist/tex/latex/base/atveryend-ltx.sty
Package: atveryend-ltx 2020/08/19 v1.0a Emulation of the original atveryend package
with kernel methods
)
\Fld@listcount=\count267
\c@bookmark@seq@number=\count268
(/usr/local/texlive/2022/texmf-dist/tex/latex/rerunfilecheck/rerunfilecheck.sty
Package: rerunfilecheck 2019/12/05 v1.9 Rerun checks for auxiliary files (HO)
(/usr/local/texlive/2022/texmf-dist/tex/generic/uniquecounter/uniquecounter.sty
Package: uniquecounter 2019/12/15 v1.4 Provide unlimited unique counter (HO)
)
Package uniquecounter Info: New unique counter `rerunfilecheck' on input line 286.
)
\Hy@SectionHShift=\skip49
)
Package hyperref Info: Option `colorlinks' set `true' on input line 16.
(/usr/local/texlive/2022/texmf-dist/tex/latex/caption/caption.sty
Package: caption 2022/03/01 v3.6b Customizing captions (AR)
(/usr/local/texlive/2022/texmf-dist/tex/latex/caption/caption3.sty
Package: caption3 2022/03/17 v2.3b caption3 kernel (AR)
\caption@tempdima=\dimen145
\captionmargin=\dimen146
\caption@leftmargin=\dimen147
\caption@rightmargin=\dimen148
\caption@width=\dimen149
\caption@indent=\dimen150
\caption@parindent=\dimen151
\caption@hangindent=\dimen152
Package caption Info: Standard document class detected.
)
\c@caption@flags=\count269
\c@continuedfloat=\count270
Package caption Info: hyperref package is loaded.
) (/usr/local/texlive/2022/texmf-dist/tex/latex/caption/subcaption.sty
Package: subcaption 2022/01/07 v1.5 Sub-captions (AR)
\c@subfigure=\count271
\c@subtable=\count272
) (/usr/local/texlive/2022/texmf-dist/tex/latex/pgfplots/pgfplots.sty (/usr/local/texlive/2022/texmf-dist/tex/generic/pgfplots/pgfplots.revision.tex)
Package: pgfplots 2021/05/15 v1.18.1 Data Visualization (1.18.1)
(/usr/local/texlive/2022/texmf-dist/tex/latex/pgf/frontendlayer/tikz.sty (/usr/local/texlive/2022/texmf-dist/tex/latex/pgf/basiclayer/pgf.sty (/usr/local/texlive/2022/texmf-dist/tex/latex/pgf/utilities/pgfrcs.sty (/usr/local/texlive/2022/texmf-dist/tex/generic/pgf/utilities/pgfutil-common.tex
\pgfutil@everybye=\toks17
\pgfutil@tempdima=\dimen153
\pgfutil@tempdimb=\dimen154
(/usr/local/texlive/2022/texmf-dist/tex/generic/pgf/utilities/pgfutil-common-lists.tex)) (/usr/local/texlive/2022/texmf-dist/tex/generic/pgf/utilities/pgfutil-latex.def
\pgfutil@abb=\box50
) (/usr/local/texlive/2022/texmf-dist/tex/generic/pgf/utilities/pgfrcs.code.tex (/usr/local/texlive/2022/texmf-dist/tex/generic/pgf/pgf.revision.tex)
Package: pgfrcs 2021/05/15 v3.1.9a (3.1.9a)
))
Package: pgf 2021/05/15 v3.1.9a (3.1.9a)
(/usr/local/texlive/2022/texmf-dist/tex/latex/pgf/basiclayer/pgfcore.sty (/usr/local/texlive/2022/texmf-dist/tex/latex/pgf/systemlayer/pgfsys.sty (/usr/local/texlive/2022/texmf-dist/tex/generic/pgf/systemlayer/pgfsys.code.tex
Package: pgfsys 2021/05/15 v3.1.9a (3.1.9a)
(/usr/local/texlive/2022/texmf-dist/tex/generic/pgf/utilities/pgfkeys.code.tex
\pgfkeys@pathtoks=\toks18
\pgfkeys@temptoks=\toks19
(/usr/local/texlive/2022/texmf-dist/tex/generic/pgf/utilities/pgfkeysfiltered.code.tex
\pgfkeys@tmptoks=\toks20
))
\pgf@x=\dimen155
\pgf@y=\dimen156
\pgf@xa=\dimen157
\pgf@ya=\dimen158
\pgf@xb=\dimen159
\pgf@yb=\dimen160
\pgf@xc=\dimen161
\pgf@yc=\dimen162
\pgf@xd=\dimen163
\pgf@yd=\dimen164
\w@pgf@writea=\write3
\r@pgf@reada=\read2
\c@pgf@counta=\count273
\c@pgf@countb=\count274
\c@pgf@countc=\count275
\c@pgf@countd=\count276
\t@pgf@toka=\toks21
\t@pgf@tokb=\toks22
\t@pgf@tokc=\toks23
\pgf@sys@id@count=\count277
(/usr/local/texlive/2022/texmf-dist/tex/generic/pgf/systemlayer/pgf.cfg
File: pgf.cfg 2021/05/15 v3.1.9a (3.1.9a)
)
Driver file for pgf: pgfsys-pdftex.def
(/usr/local/texlive/2022/texmf-dist/tex/generic/pgf/systemlayer/pgfsys-pdftex.def
File: pgfsys-pdftex.def 2021/05/15 v3.1.9a (3.1.9a)
(/usr/local/texlive/2022/texmf-dist/tex/generic/pgf/systemlayer/pgfsys-common-pdf.def
File: pgfsys-common-pdf.def 2021/05/15 v3.1.9a (3.1.9a)
))) (/usr/local/texlive/2022/texmf-dist/tex/generic/pgf/systemlayer/pgfsyssoftpath.code.tex
File: pgfsyssoftpath.code.tex 2021/05/15 v3.1.9a (3.1.9a)
\pgfsyssoftpath@smallbuffer@items=\count278
\pgfsyssoftpath@bigbuffer@items=\count279
) (/usr/local/texlive/2022/texmf-dist/tex/generic/pgf/systemlayer/pgfsysprotocol.code.tex
File: pgfsysprotocol.code.tex 2021/05/15 v3.1.9a (3.1.9a)
)) (/usr/local/texlive/2022/texmf-dist/tex/latex/xcolor/xcolor.sty
Package: xcolor 2021/10/31 v2.13 LaTeX color extensions (UK)
(/usr/local/texlive/2022/texmf-dist/tex/latex/graphics-cfg/color.cfg
File: color.cfg 2016/01/02 v1.6 sample color configuration
)
Package xcolor Info: Driver file: pdftex.def on input line 227.
Package xcolor Info: Model `cmy' substituted by `cmy0' on input line 1352.
Package xcolor Info: Model `hsb' substituted by `rgb' on input line 1356.
Package xcolor Info: Model `RGB' extended on input line 1368.
Package xcolor Info: Model `HTML' substituted by `rgb' on input line 1370.
Package xcolor Info: Model `Hsb' substituted by `hsb' on input line 1371.
Package xcolor Info: Model `tHsb' substituted by `hsb' on input line 1372.
Package xcolor Info: Model `HSB' substituted by `hsb' on input line 1373.
Package xcolor Info: Model `Gray' substituted by `gray' on input line 1374.
Package xcolor Info: Model `wave' substituted by `hsb' on input line 1375.
) (/usr/local/texlive/2022/texmf-dist/tex/generic/pgf/basiclayer/pgfcore.code.tex
Package: pgfcore 2021/05/15 v3.1.9a (3.1.9a)
(/usr/local/texlive/2022/texmf-dist/tex/generic/pgf/math/pgfmath.code.tex (/usr/local/texlive/2022/texmf-dist/tex/generic/pgf/math/pgfmathcalc.code.tex (/usr/local/texlive/2022/texmf-dist/tex/generic/pgf/math/pgfmathutil.code.tex) (/usr/local/texlive/2022/texmf-dist/tex/generic/pgf/math/pgfmathparser.code.tex
\pgfmath@dimen=\dimen165
\pgfmath@count=\count280
\pgfmath@box=\box51
\pgfmath@toks=\toks24
\pgfmath@stack@operand=\toks25
\pgfmath@stack@operation=\toks26
) (/usr/local/texlive/2022/texmf-dist/tex/generic/pgf/math/pgfmathfunctions.code.tex (/usr/local/texlive/2022/texmf-dist/tex/generic/pgf/math/pgfmathfunctions.basic.code.tex) (/usr/local/texlive/2022/texmf-dist/tex/generic/pgf/math/pgfmathfunctions.trigonometric.code.tex) (/usr/local/texlive/2022/texmf-dist/tex/generic/pgf/math/pgfmathfunctions.random.code.tex) (/usr/local/texlive/2022/texmf-dist/tex/generic/pgf/math/pgfmathfunctions.comparison.code.tex) (/usr/local/texlive/2022/texmf-dist/tex/generic/pgf/math/pgfmathfunctions.base.code.tex) (/usr/local/texlive/2022/texmf-dist/tex/generic/pgf/math/pgfmathfunctions.round.code.tex) (/usr/local/texlive/2022/texmf-dist/tex/generic/pgf/math/pgfmathfunctions.misc.code.tex) (/usr/local/texlive/2022/texmf-dist/tex/generic/pgf/math/pgfmathfunctions.integerarithmetics.code.tex))) (/usr/local/texlive/2022/texmf-dist/tex/generic/pgf/math/pgfmathfloat.code.tex
\c@pgfmathroundto@lastzeros=\count281
)) (/usr/local/texlive/2022/texmf-dist/tex/generic/pgf/math/pgfint.code.tex) (/usr/local/texlive/2022/texmf-dist/tex/generic/pgf/basiclayer/pgfcorepoints.code.tex
File: pgfcorepoints.code.tex 2021/05/15 v3.1.9a (3.1.9a)
\pgf@picminx=\dimen166
\pgf@picmaxx=\dimen167
\pgf@picminy=\dimen168
\pgf@picmaxy=\dimen169
\pgf@pathminx=\dimen170
\pgf@pathmaxx=\dimen171
\pgf@pathminy=\dimen172
\pgf@pathmaxy=\dimen173
\pgf@xx=\dimen174
\pgf@xy=\dimen175
\pgf@yx=\dimen176
\pgf@yy=\dimen177
\pgf@zx=\dimen178
\pgf@zy=\dimen179
) (/usr/local/texlive/2022/texmf-dist/tex/generic/pgf/basiclayer/pgfcorepathconstruct.code.tex
File: pgfcorepathconstruct.code.tex 2021/05/15 v3.1.9a (3.1.9a)
\pgf@path@lastx=\dimen180
\pgf@path@lasty=\dimen181
) (/usr/local/texlive/2022/texmf-dist/tex/generic/pgf/basiclayer/pgfcorepathusage.code.tex
File: pgfcorepathusage.code.tex 2021/05/15 v3.1.9a (3.1.9a)
\pgf@shorten@end@additional=\dimen182
\pgf@shorten@start@additional=\dimen183
) (/usr/local/texlive/2022/texmf-dist/tex/generic/pgf/basiclayer/pgfcorescopes.code.tex
File: pgfcorescopes.code.tex 2021/05/15 v3.1.9a (3.1.9a)
\pgfpic=\box52
\pgf@hbox=\box53
\pgf@layerbox@main=\box54
\pgf@picture@serial@count=\count282
) (/usr/local/texlive/2022/texmf-dist/tex/generic/pgf/basiclayer/pgfcoregraphicstate.code.tex
File: pgfcoregraphicstate.code.tex 2021/05/15 v3.1.9a (3.1.9a)
\pgflinewidth=\dimen184
) (/usr/local/texlive/2022/texmf-dist/tex/generic/pgf/basiclayer/pgfcoretransformations.code.tex
File: pgfcoretransformations.code.tex 2021/05/15 v3.1.9a (3.1.9a)
\pgf@pt@x=\dimen185
\pgf@pt@y=\dimen186
\pgf@pt@temp=\dimen187
) (/usr/local/texlive/2022/texmf-dist/tex/generic/pgf/basiclayer/pgfcorequick.code.tex
File: pgfcorequick.code.tex 2021/05/15 v3.1.9a (3.1.9a)
) (/usr/local/texlive/2022/texmf-dist/tex/generic/pgf/basiclayer/pgfcoreobjects.code.tex
File: pgfcoreobjects.code.tex 2021/05/15 v3.1.9a (3.1.9a)
) (/usr/local/texlive/2022/texmf-dist/tex/generic/pgf/basiclayer/pgfcorepathprocessing.code.tex
File: pgfcorepathprocessing.code.tex 2021/05/15 v3.1.9a (3.1.9a)
) (/usr/local/texlive/2022/texmf-dist/tex/generic/pgf/basiclayer/pgfcorearrows.code.tex
File: pgfcorearrows.code.tex 2021/05/15 v3.1.9a (3.1.9a)
\pgfarrowsep=\dimen188
) (/usr/local/texlive/2022/texmf-dist/tex/generic/pgf/basiclayer/pgfcoreshade.code.tex
File: pgfcoreshade.code.tex 2021/05/15 v3.1.9a (3.1.9a)
\pgf@max=\dimen189
\pgf@sys@shading@range@num=\count283
\pgf@shadingcount=\count284
) (/usr/local/texlive/2022/texmf-dist/tex/generic/pgf/basiclayer/pgfcoreimage.code.tex
File: pgfcoreimage.code.tex 2021/05/15 v3.1.9a (3.1.9a)
(/usr/local/texlive/2022/texmf-dist/tex/generic/pgf/basiclayer/pgfcoreexternal.code.tex
File: pgfcoreexternal.code.tex 2021/05/15 v3.1.9a (3.1.9a)
\pgfexternal@startupbox=\box55
)) (/usr/local/texlive/2022/texmf-dist/tex/generic/pgf/basiclayer/pgfcorelayers.code.tex
File: pgfcorelayers.code.tex 2021/05/15 v3.1.9a (3.1.9a)
) (/usr/local/texlive/2022/texmf-dist/tex/generic/pgf/basiclayer/pgfcoretransparency.code.tex
File: pgfcoretransparency.code.tex 2021/05/15 v3.1.9a (3.1.9a)
) (/usr/local/texlive/2022/texmf-dist/tex/generic/pgf/basiclayer/pgfcorepatterns.code.tex
File: pgfcorepatterns.code.tex 2021/05/15 v3.1.9a (3.1.9a)
) (/usr/local/texlive/2022/texmf-dist/tex/generic/pgf/basiclayer/pgfcorerdf.code.tex
File: pgfcorerdf.code.tex 2021/05/15 v3.1.9a (3.1.9a)
))) (/usr/local/texlive/2022/texmf-dist/tex/generic/pgf/modules/pgfmoduleshapes.code.tex
File: pgfmoduleshapes.code.tex 2021/05/15 v3.1.9a (3.1.9a)
\pgfnodeparttextbox=\box56
) (/usr/local/texlive/2022/texmf-dist/tex/generic/pgf/modules/pgfmoduleplot.code.tex
File: pgfmoduleplot.code.tex 2021/05/15 v3.1.9a (3.1.9a)
) (/usr/local/texlive/2022/texmf-dist/tex/latex/pgf/compatibility/pgfcomp-version-0-65.sty
Package: pgfcomp-version-0-65 2021/05/15 v3.1.9a (3.1.9a)
\pgf@nodesepstart=\dimen190
\pgf@nodesepend=\dimen191
) (/usr/local/texlive/2022/texmf-dist/tex/latex/pgf/compatibility/pgfcomp-version-1-18.sty
Package: pgfcomp-version-1-18 2021/05/15 v3.1.9a (3.1.9a)
)) (/usr/local/texlive/2022/texmf-dist/tex/latex/pgf/utilities/pgffor.sty (/usr/local/texlive/2022/texmf-dist/tex/latex/pgf/utilities/pgfkeys.sty (/usr/local/texlive/2022/texmf-dist/tex/generic/pgf/utilities/pgfkeys.code.tex)) (/usr/local/texlive/2022/texmf-dist/tex/latex/pgf/math/pgfmath.sty (/usr/local/texlive/2022/texmf-dist/tex/generic/pgf/math/pgfmath.code.tex)) (/usr/local/texlive/2022/texmf-dist/tex/generic/pgf/utilities/pgffor.code.tex
Package: pgffor 2021/05/15 v3.1.9a (3.1.9a)
(/usr/local/texlive/2022/texmf-dist/tex/generic/pgf/math/pgfmath.code.tex)
\pgffor@iter=\dimen192
\pgffor@skip=\dimen193
\pgffor@stack=\toks27
\pgffor@toks=\toks28
)) (/usr/local/texlive/2022/texmf-dist/tex/generic/pgf/frontendlayer/tikz/tikz.code.tex
Package: tikz 2021/05/15 v3.1.9a (3.1.9a)
(/usr/local/texlive/2022/texmf-dist/tex/generic/pgf/libraries/pgflibraryplothandlers.code.tex
File: pgflibraryplothandlers.code.tex 2021/05/15 v3.1.9a (3.1.9a)
\pgf@plot@mark@count=\count285
\pgfplotmarksize=\dimen194
)
\tikz@lastx=\dimen195
\tikz@lasty=\dimen196
\tikz@lastxsaved=\dimen197
\tikz@lastysaved=\dimen198
\tikz@lastmovetox=\dimen199
\tikz@lastmovetoy=\dimen256
\tikzleveldistance=\dimen257
\tikzsiblingdistance=\dimen258
\tikz@figbox=\box57
\tikz@figbox@bg=\box58
\tikz@tempbox=\box59
\tikz@tempbox@bg=\box60
\tikztreelevel=\count286
\tikznumberofchildren=\count287
\tikznumberofcurrentchild=\count288
\tikz@fig@count=\count289
(/usr/local/texlive/2022/texmf-dist/tex/generic/pgf/modules/pgfmodulematrix.code.tex
File: pgfmodulematrix.code.tex 2021/05/15 v3.1.9a (3.1.9a)
\pgfmatrixcurrentrow=\count290
\pgfmatrixcurrentcolumn=\count291
\pgf@matrix@numberofcolumns=\count292
)
\tikz@expandcount=\count293
(/usr/local/texlive/2022/texmf-dist/tex/generic/pgf/frontendlayer/tikz/libraries/tikzlibrarytopaths.code.tex
File: tikzlibrarytopaths.code.tex 2021/05/15 v3.1.9a (3.1.9a)
))) (/usr/local/texlive/2022/texmf-dist/tex/generic/pgfplots/pgfplots.code.tex (/usr/local/texlive/2022/texmf-dist/tex/generic/pgfplots/pgfplotscore.code.tex
\t@pgfplots@toka=\toks29
\t@pgfplots@tokb=\toks30
\t@pgfplots@tokc=\toks31
\pgfplots@tmpa=\dimen259
\c@pgfplots@coordindex=\count294
\c@pgfplots@scanlineindex=\count295
(/usr/local/texlive/2022/texmf-dist/tex/generic/pgfplots/sys/pgfplotssysgeneric.code.tex)) (/usr/local/texlive/2022/texmf-dist/tex/generic/pgfplots/libs/pgfplotslibrary.code.tex) (/usr/local/texlive/2022/texmf-dist/tex/generic/pgfplots/oldpgfcompatib/pgfplotsoldpgfsupp_loader.code.tex (/usr/local/texlive/2022/texmf-dist/tex/generic/pgf/libraries/pgflibraryfpu.code.tex)) (/usr/local/texlive/2022/texmf-dist/tex/generic/pgfplots/util/pgfplotsutil.code.tex (/usr/local/texlive/2022/texmf-dist/tex/generic/pgfplots/liststructure/pgfplotsliststructure.code.tex) (/usr/local/texlive/2022/texmf-dist/tex/generic/pgfplots/liststructure/pgfplotsliststructureext.code.tex) (/usr/local/texlive/2022/texmf-dist/tex/generic/pgfplots/liststructure/pgfplotsarray.code.tex
\c@pgfplotsarray@tmp=\count296
) (/usr/local/texlive/2022/texmf-dist/tex/generic/pgfplots/liststructure/pgfplotsmatrix.code.tex) (/usr/local/texlive/2022/texmf-dist/tex/generic/pgfplots/numtable/pgfplotstableshared.code.tex
\c@pgfplotstable@counta=\count297
\t@pgfplotstable@a=\toks32
) (/usr/local/texlive/2022/texmf-dist/tex/generic/pgfplots/liststructure/pgfplotsdeque.code.tex) (/usr/local/texlive/2022/texmf-dist/tex/generic/pgfplots/util/pgfplotsbinary.code.tex (/usr/local/texlive/2022/texmf-dist/tex/generic/pgfplots/util/pgfplotsbinary.data.code.tex)) (/usr/local/texlive/2022/texmf-dist/tex/generic/pgfplots/util/pgfplotsutil.verb.code.tex) (/usr/local/texlive/2022/texmf-dist/tex/generic/pgfplots/libs/pgflibrarypgfplots.surfshading.code.tex
\c@pgfplotslibrarysurf@no=\count298
(/usr/local/texlive/2022/texmf-dist/tex/generic/pgfplots/sys/pgflibrarypgfplots.surfshading.pgfsys-pdftex.def))) (/usr/local/texlive/2022/texmf-dist/tex/generic/pgfplots/util/pgfplotscolormap.code.tex (/usr/local/texlive/2022/texmf-dist/tex/generic/pgfplots/util/pgfplotscolor.code.tex)) (/usr/local/texlive/2022/texmf-dist/tex/generic/pgfplots/pgfplotsstackedplots.code.tex) (/usr/local/texlive/2022/texmf-dist/tex/generic/pgfplots/pgfplotsplothandlers.code.tex (/usr/local/texlive/2022/texmf-dist/tex/generic/pgfplots/pgfplotsmeshplothandler.code.tex (/usr/local/texlive/2022/texmf-dist/tex/generic/pgfplots/pgfplotsmeshplotimage.code.tex))) (/usr/local/texlive/2022/texmf-dist/tex/generic/pgfplots/pgfplots.scaling.code.tex) (/usr/local/texlive/2022/texmf-dist/tex/generic/pgfplots/pgfplotscoordprocessing.code.tex) (/usr/local/texlive/2022/texmf-dist/tex/generic/pgfplots/pgfplots.errorbars.code.tex) (/usr/local/texlive/2022/texmf-dist/tex/generic/pgfplots/pgfplots.markers.code.tex) (/usr/local/texlive/2022/texmf-dist/tex/generic/pgfplots/pgfplotsticks.code.tex) (/usr/local/texlive/2022/texmf-dist/tex/generic/pgfplots/pgfplots.paths.code.tex) (/usr/local/texlive/2022/texmf-dist/tex/generic/pgf/frontendlayer/tikz/libraries/tikzlibrarydecorations.code.tex (/usr/local/texlive/2022/texmf-dist/tex/generic/pgf/modules/pgfmoduledecorations.code.tex
\pgfdecoratedcompleteddistance=\dimen260
\pgfdecoratedremainingdistance=\dimen261
\pgfdecoratedinputsegmentcompleteddistance=\dimen262
\pgfdecoratedinputsegmentremainingdistance=\dimen263
\pgf@decorate@distancetomove=\dimen264
\pgf@decorate@repeatstate=\count299
\pgfdecorationsegmentamplitude=\dimen265
\pgfdecorationsegmentlength=\dimen266
)
\tikz@lib@dec@box=\box61
) (/usr/local/texlive/2022/texmf-dist/tex/generic/pgf/frontendlayer/tikz/libraries/tikzlibrarydecorations.pathmorphing.code.tex (/usr/local/texlive/2022/texmf-dist/tex/generic/pgf/libraries/decorations/pgflibrarydecorations.pathmorphing.code.tex)) (/usr/local/texlive/2022/texmf-dist/tex/generic/pgf/frontendlayer/tikz/libraries/tikzlibrarydecorations.pathreplacing.code.tex (/usr/local/texlive/2022/texmf-dist/tex/generic/pgf/libraries/decorations/pgflibrarydecorations.pathreplacing.code.tex)) (/usr/local/texlive/2022/texmf-dist/tex/generic/pgfplots/libs/tikzlibrarypgfplots.contourlua.code.tex)
\pgfplots@numplots=\count300
\pgfplots@xmin@reg=\dimen267
\pgfplots@xmax@reg=\dimen268
\pgfplots@ymin@reg=\dimen269
\pgfplots@ymax@reg=\dimen270
\pgfplots@zmin@reg=\dimen271
\pgfplots@zmax@reg=\dimen272
) (/usr/local/texlive/2022/texmf-dist/tex/generic/pgf/frontendlayer/tikz/libraries/tikzlibraryplotmarks.code.tex
File: tikzlibraryplotmarks.code.tex 2021/05/15 v3.1.9a (3.1.9a)
(/usr/local/texlive/2022/texmf-dist/tex/generic/pgf/libraries/pgflibraryplotmarks.code.tex
File: pgflibraryplotmarks.code.tex 2021/05/15 v3.1.9a (3.1.9a)
))) (/usr/local/texlive/2022/texmf-dist/tex/latex/pgf/frontendlayer/libraries/tikzlibraryexternal.code.tex (/usr/local/texlive/2022/texmf-dist/tex/generic/pgf/frontendlayer/tikz/libraries/tikzexternalshared.code.tex))
No auxiliary output files.

\w@pgfexternal@auxout=\write4
(/usr/local/texlive/2022/texmf-dist/tex/generic/pgf/libraries/pgflibraryarrows.meta.code.tex
File: pgflibraryarrows.meta.code.tex 2021/05/15 v3.1.9a (3.1.9a)
\pgfarrowinset=\dimen273
\pgfarrowlength=\dimen274
\pgfarrowwidth=\dimen275
\pgfarrowlinewidth=\dimen276
) (/usr/local/texlive/2022/texmf-dist/tex/generic/pgf/frontendlayer/tikz/libraries/tikzlibrarybackgrounds.code.tex
File: tikzlibrarybackgrounds.code.tex 2021/05/15 v3.1.9a (3.1.9a)
\pgf@layerbox@background=\box62
\pgf@layerboxsaved@background=\box63
) (/usr/local/texlive/2022/texmf-dist/tex/generic/pgfplots/libs/tikzlibrarypgfplots.patchplots.code.tex) (/usr/local/texlive/2022/texmf-dist/tex/generic/pgfplots/libs/tikzlibrarypgfplots.fillbetween.code.tex (/usr/local/texlive/2022/texmf-dist/tex/generic/pgfplots/pgfcontrib/tikzlibraryfillbetween.code.tex (/usr/local/texlive/2022/texmf-dist/tex/generic/pgf/frontendlayer/tikz/libraries/tikzlibraryintersections.code.tex (/usr/local/texlive/2022/texmf-dist/tex/generic/pgf/libraries/pgflibraryintersections.code.tex
\pgf@intersect@solutions=\count301
)) (/usr/local/texlive/2022/texmf-dist/tex/generic/pgfplots/pgfcontrib/tikzlibrarydecorations.softclip.code.tex (/usr/local/texlive/2022/texmf-dist/tex/generic/pgfplots/pgfcontrib/pgflibraryfillbetween.code.tex))) (/usr/local/texlive/2022/texmf-dist/tex/generic/pgfplots/libs/tikzlibrarypgfplots.decorations.softclip.code.tex)) (/usr/local/texlive/2022/texmf-dist/tex/latex/tikzscale/tikzscale.sty
Package: tikzscale 2013/05/22 v0.2.6 tikzscale LaTeX package
(/usr/local/texlive/2022/texmf-dist/tex/latex/etoolbox/etoolbox.sty
Package: etoolbox 2020/10/05 v2.5k e-TeX tools for LaTeX (JAW)
\etb@tempcnta=\count302
) (/usr/local/texlive/2022/texmf-dist/tex/latex/l3packages/xparse/xparse.sty (/usr/local/texlive/2022/texmf-dist/tex/latex/l3kernel/expl3.sty
Package: expl3 2022-02-24 L3 programming layer (loader) 
(/usr/local/texlive/2022/texmf-dist/tex/latex/l3backend/l3backend-pdftex.def
File: l3backend-pdftex.def 2022-02-07 L3 backend support: PDF output (pdfTeX)
\l__color_backend_stack_int=\count303
\l__pdf_internal_box=\box64
))
Package: xparse 2022-01-12 L3 Experimental document command parser
) (/usr/local/texlive/2022/texmf-dist/tex/generic/xstring/xstring.sty (/usr/local/texlive/2022/texmf-dist/tex/generic/xstring/xstring.tex
\integerpart=\count304
\decimalpart=\count305
)
Package: xstring 2021/07/21 v1.84 String manipulations (CT)
)
\tikzscale@measuredSize=\box65
) (/usr/local/texlive/2022/texmf-dist/tex/latex/geometry/geometry.sty
Package: geometry 2020/01/02 v5.9 Page Geometry
(/usr/local/texlive/2022/texmf-dist/tex/generic/iftex/ifvtex.sty
Package: ifvtex 2019/10/25 v1.7 ifvtex legacy package. Use iftex instead.
)
\Gm@cnth=\count306
\Gm@cntv=\count307
\c@Gm@tempcnt=\count308
\Gm@bindingoffset=\dimen277
\Gm@wd@mp=\dimen278
\Gm@odd@mp=\dimen279
\Gm@even@mp=\dimen280
\Gm@layoutwidth=\dimen281
\Gm@layoutheight=\dimen282
\Gm@layouthoffset=\dimen283
\Gm@layoutvoffset=\dimen284
\Gm@dimlist=\toks33
) (./tikzit.sty (/usr/local/texlive/2022/texmf-dist/tex/generic/pgf/frontendlayer/tikz/libraries/tikzlibraryarrows.code.tex
File: tikzlibraryarrows.code.tex 2021/05/15 v3.1.9a (3.1.9a)
(/usr/local/texlive/2022/texmf-dist/tex/generic/pgf/libraries/pgflibraryarrows.code.tex
File: pgflibraryarrows.code.tex 2021/05/15 v3.1.9a (3.1.9a)
\arrowsize=\dimen285
)) (/usr/local/texlive/2022/texmf-dist/tex/generic/pgf/frontendlayer/tikz/libraries/tikzlibraryshapes.code.tex
File: tikzlibraryshapes.code.tex 2021/05/15 v3.1.9a (3.1.9a)
(/usr/local/texlive/2022/texmf-dist/tex/generic/pgf/frontendlayer/tikz/libraries/tikzlibraryshapes.geometric.code.tex
File: tikzlibraryshapes.geometric.code.tex 2021/05/15 v3.1.9a (3.1.9a)
(/usr/local/texlive/2022/texmf-dist/tex/generic/pgf/libraries/shapes/pgflibraryshapes.geometric.code.tex
File: pgflibraryshapes.geometric.code.tex 2021/05/15 v3.1.9a (3.1.9a)
)) (/usr/local/texlive/2022/texmf-dist/tex/generic/pgf/frontendlayer/tikz/libraries/tikzlibraryshapes.misc.code.tex
File: tikzlibraryshapes.misc.code.tex 2021/05/15 v3.1.9a (3.1.9a)
(/usr/local/texlive/2022/texmf-dist/tex/generic/pgf/libraries/shapes/pgflibraryshapes.misc.code.tex
File: pgflibraryshapes.misc.code.tex 2021/05/15 v3.1.9a (3.1.9a)
)) (/usr/local/texlive/2022/texmf-dist/tex/generic/pgf/frontendlayer/tikz/libraries/tikzlibraryshapes.symbols.code.tex
File: tikzlibraryshapes.symbols.code.tex 2021/05/15 v3.1.9a (3.1.9a)
(/usr/local/texlive/2022/texmf-dist/tex/generic/pgf/libraries/shapes/pgflibraryshapes.symbols.code.tex
File: pgflibraryshapes.symbols.code.tex 2021/05/15 v3.1.9a (3.1.9a)
)) (/usr/local/texlive/2022/texmf-dist/tex/generic/pgf/frontendlayer/tikz/libraries/tikzlibraryshapes.arrows.code.tex
File: tikzlibraryshapes.arrows.code.tex 2021/05/15 v3.1.9a (3.1.9a)
(/usr/local/texlive/2022/texmf-dist/tex/generic/pgf/libraries/shapes/pgflibraryshapes.arrows.code.tex
File: pgflibraryshapes.arrows.code.tex 2021/05/15 v3.1.9a (3.1.9a)
)) (/usr/local/texlive/2022/texmf-dist/tex/generic/pgf/frontendlayer/tikz/libraries/tikzlibraryshapes.callouts.code.tex (/usr/local/texlive/2022/texmf-dist/tex/generic/pgf/libraries/shapes/pgflibraryshapes.callouts.code.tex)) (/usr/local/texlive/2022/texmf-dist/tex/generic/pgf/frontendlayer/tikz/libraries/tikzlibraryshapes.multipart.code.tex
File: tikzlibraryshapes.multipart.code.tex 2021/05/15 v3.1.9a (3.1.9a)
(/usr/local/texlive/2022/texmf-dist/tex/generic/pgf/libraries/shapes/pgflibraryshapes.multipart.code.tex
File: pgflibraryshapes.multipart.code.tex 2021/05/15 v3.1.9a (3.1.9a)
\pgfnodepartlowerbox=\box66
\pgfnodeparttwobox=\box67
\pgfnodepartthreebox=\box68
\pgfnodepartfourbox=\box69
\pgfnodeparttwentybox=\box70
\pgfnodepartnineteenbox=\box71
\pgfnodeparteighteenbox=\box72
\pgfnodepartseventeenbox=\box73
\pgfnodepartsixteenbox=\box74
\pgfnodepartfifteenbox=\box75
\pgfnodepartfourteenbox=\box76
\pgfnodepartthirteenbox=\box77
\pgfnodeparttwelvebox=\box78
\pgfnodepartelevenbox=\box79
\pgfnodeparttenbox=\box80
\pgfnodepartninebox=\box81
\pgfnodeparteightbox=\box82
\pgfnodepartsevenbox=\box83
\pgfnodepartsixbox=\box84
\pgfnodepartfivebox=\box85
)))
\pgf@layerbox@edgelayer=\box86
\pgf@layerboxsaved@edgelayer=\box87
\pgf@layerbox@nodelayer=\box88
\pgf@layerboxsaved@nodelayer=\box89
) (/usr/local/texlive/2022/texmf-dist/tex/latex/braket/braket.sty) (/usr/local/texlive/2022/texmf-dist/tex/latex/amsmath/amsmath.sty
Package: amsmath 2021/10/15 v2.17l AMS math features
\@mathmargin=\skip50
For additional information on amsmath, use the `?' option.
(/usr/local/texlive/2022/texmf-dist/tex/latex/amsmath/amstext.sty
Package: amstext 2021/08/26 v2.01 AMS text
(/usr/local/texlive/2022/texmf-dist/tex/latex/amsmath/amsgen.sty
File: amsgen.sty 1999/11/30 v2.0 generic functions
\@emptytoks=\toks34
\ex@=\dimen286
)) (/usr/local/texlive/2022/texmf-dist/tex/latex/amsmath/amsbsy.sty
Package: amsbsy 1999/11/29 v1.2d Bold Symbols
\pmbraise@=\dimen287
) (/usr/local/texlive/2022/texmf-dist/tex/latex/amsmath/amsopn.sty
Package: amsopn 2021/08/26 v2.02 operator names
)
\inf@bad=\count309
LaTeX Info: Redefining \frac on input line 234.
\uproot@=\count310
\leftroot@=\count311
LaTeX Info: Redefining \overline on input line 399.
\classnum@=\count312
\DOTSCASE@=\count313
LaTeX Info: Redefining \ldots on input line 496.
LaTeX Info: Redefining \dots on input line 499.
LaTeX Info: Redefining \cdots on input line 620.
\Mathstrutbox@=\box90
\strutbox@=\box91
\big@size=\dimen288
LaTeX Font Info:    Redeclaring font encoding OML on input line 743.
LaTeX Font Info:    Redeclaring font encoding OMS on input line 744.
\macc@depth=\count314
\c@MaxMatrixCols=\count315
\dotsspace@=\muskip17
\c@parentequation=\count316
\dspbrk@lvl=\count317
\tag@help=\toks35
\row@=\count318
\column@=\count319
\maxfields@=\count320
\andhelp@=\toks36
\eqnshift@=\dimen289
\alignsep@=\dimen290
\tagshift@=\dimen291
\tagwidth@=\dimen292
\totwidth@=\dimen293
\lineht@=\dimen294
\@envbody=\toks37
\multlinegap=\skip51
\multlinetaggap=\skip52
\mathdisplay@stack=\toks38
LaTeX Info: Redefining \[ on input line 2938.
LaTeX Info: Redefining \] on input line 2939.
) (/usr/local/texlive/2022/texmf-dist/tex/latex/amsfonts/amsfonts.sty
Package: amsfonts 2013/01/14 v3.01 Basic AMSFonts support
\symAMSa=\mathgroup4
\symAMSb=\mathgroup5
LaTeX Font Info:    Redeclaring math symbol \hbar on input line 98.
LaTeX Font Info:    Overwriting math alphabet `\mathfrak' in version `bold'
(Font)                  U/euf/m/n --> U/euf/b/n on input line 106.
) (./diagrams/sample.tikzstyles) (/usr/local/texlive/2022/texmf-dist/tex/latex/tools/tabularx.sty
Package: tabularx 2020/01/15 v2.11c `tabularx' package (DPC)
(/usr/local/texlive/2022/texmf-dist/tex/latex/tools/array.sty
Package: array 2021/10/04 v2.5f Tabular extension package (FMi)
\col@sep=\dimen295
\ar@mcellbox=\box92
\extrarowheight=\dimen296
\NC@list=\toks39
\extratabsurround=\skip53
\backup@length=\skip54
\ar@cellbox=\box93
)
\TX@col@width=\dimen297
\TX@old@table=\dimen298
\TX@old@col=\dimen299
\TX@target=\dimen300
\TX@delta=\dimen301
\TX@cols=\count321
\TX@ftn=\toks40
) (/usr/local/texlive/2022/texmf-dist/tex/latex/biblatex/biblatex.sty
Package: biblatex 2022/02/02 v3.17 programmable bibliographies (PK/MW)
(/usr/local/texlive/2022/texmf-dist/tex/latex/logreq/logreq.sty
Package: logreq 2010/08/04 v1.0 xml request logger
\lrq@indent=\count322
(/usr/local/texlive/2022/texmf-dist/tex/latex/logreq/logreq.def
File: logreq.def 2010/08/04 v1.0 logreq spec v1.0
)) (/usr/local/texlive/2022/texmf-dist/tex/latex/base/ifthen.sty
Package: ifthen 2020/11/24 v1.1c Standard LaTeX ifthen package (DPC)
)
\c@tabx@nest=\count323
\c@listtotal=\count324
\c@listcount=\count325
\c@liststart=\count326
\c@liststop=\count327
\c@citecount=\count328
\c@citetotal=\count329
\c@multicitecount=\count330
\c@multicitetotal=\count331
\c@instcount=\count332
\c@maxnames=\count333
\c@minnames=\count334
\c@maxitems=\count335
\c@minitems=\count336
\c@citecounter=\count337
\c@maxcitecounter=\count338
\c@savedcitecounter=\count339
\c@uniquelist=\count340
\c@uniquename=\count341
\c@refsection=\count342
\c@refsegment=\count343
\c@maxextratitle=\count344
\c@maxextratitleyear=\count345
\c@maxextraname=\count346
\c@maxextradate=\count347
\c@maxextraalpha=\count348
\c@abbrvpenalty=\count349
\c@highnamepenalty=\count350
\c@lownamepenalty=\count351
\c@maxparens=\count352
\c@parenlevel=\count353
\blx@tempcnta=\count354
\blx@tempcntb=\count355
\blx@tempcntc=\count356
\c@blx@maxsection=\count357
\c@blx@maxsegment@0=\count358
\blx@notetype=\count359
\blx@parenlevel@text=\count360
\blx@parenlevel@foot=\count361
\c@blx@sectionciteorder@0=\count362
\blx@entrysetcounter=\count363
\blx@biblioinstance=\count364
\labelnumberwidth=\skip55
\labelalphawidth=\skip56
\biblabelsep=\skip57
\bibitemsep=\skip58
\bibnamesep=\skip59
\bibinitsep=\skip60
\bibparsep=\skip61
\bibhang=\skip62
\blx@bcfin=\read3
\blx@bcfout=\write5
\blx@langwohyphens=\language87
\c@mincomprange=\count365
\c@maxcomprange=\count366
\c@mincompwidth=\count367
Package biblatex Info: Trying to load biblatex default data model...
Package biblatex Info: ... file 'blx-dm.def' found.
(/usr/local/texlive/2022/texmf-dist/tex/latex/biblatex/blx-dm.def
File: blx-dm.def 2022/02/02 v3.17 biblatex localization (PK/MW)
)
Package biblatex Info: Trying to load biblatex custom data model...
Package biblatex Info: ... file 'biblatex-dm.cfg' not found.
\c@afterword=\count368
\c@savedafterword=\count369
\c@annotator=\count370
\c@savedannotator=\count371
\c@author=\count372
\c@savedauthor=\count373
\c@bookauthor=\count374
\c@savedbookauthor=\count375
\c@commentator=\count376
\c@savedcommentator=\count377
\c@editor=\count378
\c@savededitor=\count379
\c@editora=\count380
\c@savededitora=\count381
\c@editorb=\count382
\c@savededitorb=\count383
\c@editorc=\count384
\c@savededitorc=\count385
\c@foreword=\count386
\c@savedforeword=\count387
\c@holder=\count388
\c@savedholder=\count389
\c@introduction=\count390
\c@savedintroduction=\count391
\c@namea=\count392
\c@savednamea=\count393
\c@nameb=\count394
\c@savednameb=\count395
\c@namec=\count396
\c@savednamec=\count397
\c@translator=\count398
\c@savedtranslator=\count399
\c@shortauthor=\count400
\c@savedshortauthor=\count401
\c@shorteditor=\count402
\c@savedshorteditor=\count403
\c@labelname=\count404
\c@savedlabelname=\count405
\c@institution=\count406
\c@savedinstitution=\count407
\c@lista=\count408
\c@savedlista=\count409
\c@listb=\count410
\c@savedlistb=\count411
\c@listc=\count412
\c@savedlistc=\count413
\c@listd=\count414
\c@savedlistd=\count415
\c@liste=\count416
\c@savedliste=\count417
\c@listf=\count418
\c@savedlistf=\count419
\c@location=\count420
\c@savedlocation=\count421
\c@organization=\count422
\c@savedorganization=\count423
\c@origlocation=\count424
\c@savedoriglocation=\count425
\c@origpublisher=\count426
\c@savedorigpublisher=\count427
\c@publisher=\count428
\c@savedpublisher=\count429
\c@language=\count430
\c@savedlanguage=\count431
\c@origlanguage=\count432
\c@savedoriglanguage=\count433
\c@pageref=\count434
\c@savedpageref=\count435
\shorthandwidth=\skip63
\shortjournalwidth=\skip64
\shortserieswidth=\skip65
\shorttitlewidth=\skip66
\shortauthorwidth=\skip67
\shorteditorwidth=\skip68
\locallabelnumberwidth=\skip69
\locallabelalphawidth=\skip70
\localshorthandwidth=\skip71
\localshortjournalwidth=\skip72
\localshortserieswidth=\skip73
\localshorttitlewidth=\skip74
\localshortauthorwidth=\skip75
\localshorteditorwidth=\skip76
Package biblatex Info: Trying to load compatibility code...
Package biblatex Info: ... file 'blx-compat.def' found.
(/usr/local/texlive/2022/texmf-dist/tex/latex/biblatex/blx-compat.def
File: blx-compat.def 2022/02/02 v3.17 biblatex compatibility (PK/MW)
)
Package biblatex Info: Trying to load generic definitions...
Package biblatex Info: ... file 'biblatex.def' found.
(/usr/local/texlive/2022/texmf-dist/tex/latex/biblatex/biblatex.def
File: biblatex.def 2022/02/02 v3.17 biblatex compatibility (PK/MW)
\c@textcitecount=\count436
\c@textcitetotal=\count437
\c@textcitemaxnames=\count438
\c@biburlbigbreakpenalty=\count439
\c@biburlbreakpenalty=\count440
\c@biburlnumpenalty=\count441
\c@biburlucpenalty=\count442
\c@biburllcpenalty=\count443
\biburlbigskip=\muskip18
\biburlnumskip=\muskip19
\biburlucskip=\muskip20
\biburllcskip=\muskip21
\c@smartand=\count444
)
Package biblatex Info: Trying to load bibliography style 'numeric'...
Package biblatex Info: ... file 'numeric.bbx' found.
(/usr/local/texlive/2022/texmf-dist/tex/latex/biblatex/bbx/numeric.bbx
File: numeric.bbx 2022/02/02 v3.17 biblatex bibliography style (PK/MW)
Package biblatex Info: Trying to load bibliography style 'standard'...
Package biblatex Info: ... file 'standard.bbx' found.
(/usr/local/texlive/2022/texmf-dist/tex/latex/biblatex/bbx/standard.bbx
File: standard.bbx 2022/02/02 v3.17 biblatex bibliography style (PK/MW)
\c@bbx:relatedcount=\count445
\c@bbx:relatedtotal=\count446
))
Package biblatex Info: Trying to load citation style 'numeric'...
Package biblatex Info: ... file 'numeric.cbx' found.
(/usr/local/texlive/2022/texmf-dist/tex/latex/biblatex/cbx/numeric.cbx
File: numeric.cbx 2022/02/02 v3.17 biblatex citation style (PK/MW)
Package biblatex Info: Redefining '\cite'.
Package biblatex Info: Redefining '\parencite'.
Package biblatex Info: Redefining '\footcite'.
Package biblatex Info: Redefining '\footcitetext'.
Package biblatex Info: Redefining '\smartcite'.
Package biblatex Info: Redefining '\supercite'.
Package biblatex Info: Redefining '\textcite'.
Package biblatex Info: Redefining '\textcites'.
Package biblatex Info: Redefining '\cites'.
Package biblatex Info: Redefining '\parencites'.
Package biblatex Info: Redefining '\smartcites'.
)
Package biblatex Info: Trying to load configuration file...
Package biblatex Info: ... file 'biblatex.cfg' found.
(/usr/local/texlive/2022/texmf-dist/tex/latex/biblatex/biblatex.cfg
File: biblatex.cfg 
)
Package biblatex Info: Input encoding 'utf8' detected.
Package biblatex Info: Document encoding is UTF8 ....
Package biblatex Info: ... and expl3
(biblatex)             2022-02-24 L3 programming layer (loader) 
(biblatex)             is new enough (at least 2020/04/06),
(biblatex)             setting 'casechanger=expl3'.
(/usr/local/texlive/2022/texmf-dist/tex/latex/biblatex/blx-case-expl3.sty
Package: blx-case-expl3 2022/02/02 v3.17 expl3 case changing code for biblatex
)) (/usr/local/texlive/2022/texmf-dist/tex/latex/algorithm2e/algorithm2e.sty
Package: algorithm2e 2017/07/18 v5.2 algorithms environments
\c@AlgoLine=\count447
\algocf@hangindent=\skip77
(/usr/local/texlive/2022/texmf-dist/tex/latex/ifoddpage/ifoddpage.sty
Package: ifoddpage 2016/04/23 v1.1 Conditionals for odd/even page detection
\c@checkoddpage=\count448
) (/usr/local/texlive/2022/texmf-dist/tex/latex/tools/xspace.sty
Package: xspace 2014/10/28 v1.13 Space after command names (DPC,MH)
) (/usr/local/texlive/2022/texmf-dist/tex/latex/relsize/relsize.sty
Package: relsize 2013/03/29 ver 4.1
)
\skiptotal=\skip78
\skiplinenumber=\skip79
\skiprule=\skip80
\skiphlne=\skip81
\skiptext=\skip82
\skiplength=\skip83
\algomargin=\skip84
\skipalgocfslide=\skip85
\algowidth=\dimen302
\inoutsize=\dimen303
\inoutindent=\dimen304
\interspacetitleruled=\dimen305
\interspacealgoruled=\dimen306
\interspacetitleboxruled=\dimen307
\algocf@ruledwidth=\skip86
\algocf@inoutbox=\box94
\algocf@inputbox=\box95
\AlCapSkip=\skip87
\AlCapHSkip=\skip88
\algoskipindent=\skip89
\algocf@nlbox=\box96
\algocf@hangingbox=\box97
\algocf@untilbox=\box98
\algocf@skipuntil=\skip90
\algocf@capbox=\box99
\algocf@lcaptionbox=\skip91
\algoheightruledefault=\skip92
\algoheightrule=\skip93
\algotitleheightruledefault=\skip94
\algotitleheightrule=\skip95
\c@algocfline=\count449
\c@algocfproc=\count450
\c@algocf=\count451
\algocf@algoframe=\box100
\algocf@algobox=\box101
) (/usr/local/texlive/2022/texmf-dist/tex/latex/siunitx/siunitx.sty
Package: siunitx 2022-02-15 v3.0.49 A comprehensive (SI) units package
\l__siunitx_angle_tmp_dim=\dimen308
\l__siunitx_angle_marker_box=\box102
\l__siunitx_angle_unit_box=\box103
\l__siunitx_compound_count_int=\count452
(/usr/local/texlive/2022/texmf-dist/tex/latex/translations/translations.sty
Package: translations 2022/02/05 v1.12 internationalization of LaTeX2e packages (CN)
)
\l__siunitx_number_exponent_fixed_int=\count453
\l__siunitx_number_min_decimal_int=\count454
\l__siunitx_number_min_integer_int=\count455
\l__siunitx_number_round_precision_int=\count456
\l__siunitx_number_group_minimum_int=\count457
\l__siunitx_table_tmp_box=\box104
\l__siunitx_table_tmp_dim=\dimen309
\l__siunitx_table_column_width_dim=\dimen310
\l__siunitx_table_integer_box=\box105
\l__siunitx_table_decimal_box=\box106
\l__siunitx_table_before_box=\box107
\l__siunitx_table_after_box=\box108
\l__siunitx_table_before_dim=\dimen311
\l__siunitx_table_carry_dim=\dimen312
\l__siunitx_unit_tmp_int=\count458
\l__siunitx_unit_position_int=\count459
\l__siunitx_unit_total_int=\count460
(/usr/local/texlive/2022/texmf-dist/tex/latex/l3packages/l3keys2e/l3keys2e.sty
Package: l3keys2e 2022-01-12 LaTeX2e option processing using LaTeX3 keys
)) (/usr/local/texlive/2022/texmf-dist/tex/latex/lm/lmodern.sty
Package: lmodern 2015/05/01 v1.6.1 Latin Modern Fonts
LaTeX Font Info:    Overwriting symbol font `operators' in version `normal'
(Font)                  OT1/cmr/m/n --> OT1/lmr/m/n on input line 22.
LaTeX Font Info:    Overwriting symbol font `letters' in version `normal'
(Font)                  OML/cmm/m/it --> OML/lmm/m/it on input line 23.
LaTeX Font Info:    Overwriting symbol font `symbols' in version `normal'
(Font)                  OMS/cmsy/m/n --> OMS/lmsy/m/n on input line 24.
LaTeX Font Info:    Overwriting symbol font `largesymbols' in version `normal'
(Font)                  OMX/cmex/m/n --> OMX/lmex/m/n on input line 25.
LaTeX Font Info:    Overwriting symbol font `operators' in version `bold'
(Font)                  OT1/cmr/bx/n --> OT1/lmr/bx/n on input line 26.
LaTeX Font Info:    Overwriting symbol font `letters' in version `bold'
(Font)                  OML/cmm/b/it --> OML/lmm/b/it on input line 27.
LaTeX Font Info:    Overwriting symbol font `symbols' in version `bold'
(Font)                  OMS/cmsy/b/n --> OMS/lmsy/b/n on input line 28.
LaTeX Font Info:    Overwriting symbol font `largesymbols' in version `bold'
(Font)                  OMX/cmex/m/n --> OMX/lmex/m/n on input line 29.
LaTeX Font Info:    Overwriting math alphabet `\mathbf' in version `normal'
(Font)                  OT1/cmr/bx/n --> OT1/lmr/bx/n on input line 31.
LaTeX Font Info:    Overwriting math alphabet `\mathsf' in version `normal'
(Font)                  OT1/cmss/m/n --> OT1/lmss/m/n on input line 32.
LaTeX Font Info:    Overwriting math alphabet `\mathit' in version `normal'
(Font)                  OT1/cmr/m/it --> OT1/lmr/m/it on input line 33.
LaTeX Font Info:    Overwriting math alphabet `\mathtt' in version `normal'
(Font)                  OT1/cmtt/m/n --> OT1/lmtt/m/n on input line 34.
LaTeX Font Info:    Overwriting math alphabet `\mathbf' in version `bold'
(Font)                  OT1/cmr/bx/n --> OT1/lmr/bx/n on input line 35.
LaTeX Font Info:    Overwriting math alphabet `\mathsf' in version `bold'
(Font)                  OT1/cmss/bx/n --> OT1/lmss/bx/n on input line 36.
LaTeX Font Info:    Overwriting math alphabet `\mathit' in version `bold'
(Font)                  OT1/cmr/bx/it --> OT1/lmr/bx/it on input line 37.
LaTeX Font Info:    Overwriting math alphabet `\mathtt' in version `bold'
(Font)                  OT1/cmtt/m/n --> OT1/lmtt/m/n on input line 38.
) (./scripts/colourmap.tex)
\tikzscale@accuracy=\skip96
\@quotelevel=\count461
\@quotereset=\count462
Package translations Info: No language package found. I am going to use `english' as default language. on input line 80.
LaTeX Font Info:    Trying to load font information for OT1+lmr on input line 80.
(/usr/local/texlive/2022/texmf-dist/tex/latex/lm/ot1lmr.fd
File: ot1lmr.fd 2015/05/01 v1.6.1 Font defs for Latin Modern
)
No file tikz/main-figure21.aux.
LaTeX Font Info:    Checking defaults for OML/cmm/m/it on input line 80.
LaTeX Font Info:    ... okay on input line 80.
LaTeX Font Info:    Checking defaults for OMS/cmsy/m/n on input line 80.
LaTeX Font Info:    ... okay on input line 80.
LaTeX Font Info:    Checking defaults for OT1/cmr/m/n on input line 80.
LaTeX Font Info:    ... okay on input line 80.
LaTeX Font Info:    Checking defaults for T1/cmr/m/n on input line 80.
LaTeX Font Info:    ... okay on input line 80.
LaTeX Font Info:    Checking defaults for TS1/cmr/m/n on input line 80.
LaTeX Font Info:    ... okay on input line 80.
LaTeX Font Info:    Checking defaults for OMX/cmex/m/n on input line 80.
LaTeX Font Info:    ... okay on input line 80.
LaTeX Font Info:    Checking defaults for U/cmr/m/n on input line 80.
LaTeX Font Info:    ... okay on input line 80.
LaTeX Font Info:    Checking defaults for PD1/pdf/m/n on input line 80.
LaTeX Font Info:    ... okay on input line 80.
LaTeX Font Info:    Checking defaults for PU/pdf/m/n on input line 80.
LaTeX Font Info:    ... okay on input line 80.
(/usr/local/texlive/2022/texmf-dist/tex/context/base/mkii/supp-pdf.mkii
[Loading MPS to PDF converter (version 2006.09.02).]
\scratchcounter=\count463
\scratchdimen=\dimen313
\scratchbox=\box109
\nofMPsegments=\count464
\nofMParguments=\count465
\everyMPshowfont=\toks41
\MPscratchCnt=\count466
\MPscratchDim=\dimen314
\MPnumerator=\count467
\makeMPintoPDFobject=\count468
\everyMPtoPDFconversion=\toks42
) (/usr/local/texlive/2022/texmf-dist/tex/latex/epstopdf-pkg/epstopdf-base.sty
Package: epstopdf-base 2020-01-24 v2.11 Base part for package epstopdf
Package epstopdf-base Info: Redefining graphics rule for `.eps' on input line 485.
(/usr/local/texlive/2022/texmf-dist/tex/latex/latexconfig/epstopdf-sys.cfg
File: epstopdf-sys.cfg 2010/07/13 v1.3 Configuration of (r)epstopdf for TeX Live
))
Package hyperref Info: Link coloring ON on input line 80.
(/usr/local/texlive/2022/texmf-dist/tex/latex/hyperref/nameref.sty
Package: nameref 2021-04-02 v2.47 Cross-referencing by name of section
(/usr/local/texlive/2022/texmf-dist/tex/latex/refcount/refcount.sty
Package: refcount 2019/12/15 v3.6 Data extraction from label references (HO)
) (/usr/local/texlive/2022/texmf-dist/tex/generic/gettitlestring/gettitlestring.sty
Package: gettitlestring 2019/12/15 v1.6 Cleanup title references (HO)
)
\c@section@level=\count469
)
LaTeX Info: Redefining \ref on input line 80.
LaTeX Info: Redefining \pageref on input line 80.
LaTeX Info: Redefining \nameref on input line 80.
Package caption Info: Begin \AtBeginDocument code.
Package caption Info: End \AtBeginDocument code.

Package pgfplots Warning: running in backwards compatibility mode (unsuitable tick labels; missing features). Consider writing \pgfplotsset{compat=1.18} into your preamble.
 on input line 80.

*geometry* driver: auto-detecting
*geometry* detected driver: pdftex
*geometry* verbose mode - [ preamble ] result:
* driver: pdftex
* paper: a4paper
* layout: <same size as paper>
* layoutoffset:(h,v)=(0.0pt,0.0pt)
* modes: 
* h-part:(L,W,R)=(56.9055pt, 483.69687pt, 56.9055pt)
* v-part:(T,H,B)=(56.9055pt, 731.23584pt, 56.9055pt)
* \paperwidth=597.50787pt
* \paperheight=845.04684pt
* \textwidth=483.69687pt
* \textheight=731.23584pt
* \oddsidemargin=-15.36449pt
* \evensidemargin=-15.36449pt
* \topmargin=-52.36449pt
* \headheight=12.0pt
* \headsep=25.0pt
* \topskip=11.0pt
* \footskip=30.0pt
* \marginparwidth=59.0pt
* \marginparsep=10.0pt
* \columnsep=10.0pt
* \skip\footins=10.0pt plus 4.0pt minus 2.0pt
* \hoffset=0.0pt
* \voffset=0.0pt
* \mag=1000
* \@twocolumnfalse
* \@twosidefalse
* \@mparswitchfalse
* \@reversemarginfalse
* (1in=72.27pt=25.4mm, 1cm=28.453pt)

Package biblatex Info: Trying to load language 'english'...
Package biblatex Info: ... file 'english.lbx' found.
(/usr/local/texlive/2022/texmf-dist/tex/latex/biblatex/lbx/english.lbx
File: english.lbx 2022/02/02 v3.17 biblatex localization (PK/MW)
)
Package biblatex Info: Input encoding 'utf8' detected.
Package biblatex Info: Automatic encoding selection.
(biblatex)             Assuming data encoding 'utf8'.
Package biblatex Info: Trying to load bibliographic data...
Package biblatex Info: ... file 'tikz/main-figure21.bbl' not found.
No file tikz/main-figure21.bbl.
Package biblatex Info: Reference section=0 on input line 80.
Package biblatex Info: Reference segment=0 on input line 80.
(/usr/local/texlive/2022/texmf-dist/tex/latex/translations/translations-basic-dictionary-english.trsl
File: translations-basic-dictionary-english.trsl (english translation file `translations-basic-dictionary')
)
Package translations Info: loading dictionary `translations-basic-dictionary' for `english'. on input line 80.
LaTeX Font Info:    Trying to load font information for OML+lmm on input line 83.
(/usr/local/texlive/2022/texmf-dist/tex/latex/lm/omllmm.fd
File: omllmm.fd 2015/05/01 v1.6.1 Font defs for Latin Modern
)
LaTeX Font Info:    Trying to load font information for OMS+lmsy on input line 83.
(/usr/local/texlive/2022/texmf-dist/tex/latex/lm/omslmsy.fd
File: omslmsy.fd 2015/05/01 v1.6.1 Font defs for Latin Modern
)
LaTeX Font Info:    Trying to load font information for OMX+lmex on input line 83.
(/usr/local/texlive/2022/texmf-dist/tex/latex/lm/omxlmex.fd
File: omxlmex.fd 2015/05/01 v1.6.1 Font defs for Latin Modern
)
LaTeX Font Info:    External font `lmex10' loaded for size
(Font)              <12> on input line 83.
LaTeX Font Info:    External font `lmex10' loaded for size
(Font)              <8> on input line 83.
LaTeX Font Info:    External font `lmex10' loaded for size
(Font)              <6> on input line 83.
LaTeX Font Info:    Trying to load font information for U+msa on input line 83.
(/usr/local/texlive/2022/texmf-dist/tex/latex/amsfonts/umsa.fd
File: umsa.fd 2013/01/14 v3.01 AMS symbols A
)
LaTeX Font Info:    Trying to load font information for U+msb on input line 83.
(/usr/local/texlive/2022/texmf-dist/tex/latex/amsfonts/umsb.fd
File: umsb.fd 2013/01/14 v3.01 AMS symbols B
) (./chpts/intro.tex

LaTeX Warning: Citation 'paola2016' on page 2 undefined on input line 4.

LaTeX Font Info:    External font `lmex10' loaded for size
(Font)              <10.95> on input line 4.

LaTeX Warning: Citation 'paola2016' on page 2 undefined on input line 16.


LaTeX Warning: Citation 'paola2018' on page 2 undefined on input line 16.


LaTeX Warning: Citation 'tsirlin_chains' on page 2 undefined on input line 16.


LaTeX Warning: Citation 'paola_phd' on page 2 undefined on input line 16.


LaTeX Warning: Citation 'paola2016' on page 2 undefined on input line 22.


LaTeX Warning: Citation 'paola2018' on page 2 undefined on input line 22.


LaTeX Warning: Citation 'eisert_review' on page 2 undefined on input line 22.


LaTeX Warning: Citation 'page_information_entropy' on page 2 undefined on input line 25.


LaTeX Warning: Citation 'Justin_MFE' on page 2 undefined on input line 27.


LaTeX Warning: Citation 'hastings_area_law' on page 2 undefined on input line 37.


LaTeX Warning: Citation 'refael2004' on page 2 undefined on input line 37.


LaTeX Warning: Citation 'hastings_area_law' on page 2 undefined on input line 37.


LaTeX Warning: Citation 'Vitagliano2010' on page 2 undefined on input line 37.


LaTeX Warning: Citation 'paola2016' on page 2 undefined on input line 37.


LaTeX Warning: Citation 'paola2018' on page 2 undefined on input line 37.


LaTeX Warning: Citation 'Fisher1994' on page 2 undefined on input line 42.


LaTeX Warning: Citation 'refael2004' on page 2 undefined on input line 42.


LaTeX Warning: Citation 'paola2016' on page 2 undefined on input line 42.


LaTeX Warning: Citation 'refael2004' on page 2 undefined on input line 42.


LaTeX Warning: Reference `fig:chain_diagram' on page 3 undefined on input line 44.


LaTeX Warning: Reference `fig:disjoint_diagram' on page 3 undefined on input line 44.


LaTeX Warning: Reference `fig:chain_diagram' on page 3 undefined on input line 44.


LaTeX Warning: Reference `fig:disjoint_diagram' on page 3 undefined on input line 44.


LaTeX Warning: Reference `sec:entanglement' on page 3 undefined on input line 48.


LaTeX Warning: Reference `sec:sdrg' on page 3 undefined on input line 48.


LaTeX Warning: Reference `sec:algorithm' on page 3 undefined on input line 48.


LaTeX Warning: Reference `sec:old_results' on page 3 undefined on input line 48.


LaTeX Warning: Reference `sec:randbow_negativity_results' on page 3 undefined on input line 48.


LaTeX Warning: Reference `sec:powerbow_results' on page 3 undefined on input line 48.


LaTeX Warning: Reference `sec:conclusion' on page 3 undefined on input line 48.


LaTeX Warning: Reference `sec:quantum' on page 3 undefined on input line 48.

(./diagrams/single_subsystem.tikz
A tikzpicture has been optimized away. Use '/tikz/external/optimize=false' to disable this.
) (./diagrams/disjoint_subsystems.tikz
A tikzpicture has been optimized away. Use '/tikz/external/optimize=false' to disable this.
)) (./chpts/entanglement.tex

LaTeX Warning: Citation 'paola_phd' on page 4 undefined on input line 5.


LaTeX Warning: Reference `subsec:states' on page 4 undefined on input line 11.


LaTeX Warning: Citation 'peres_1996' on page 4 undefined on input line 11.


LaTeX Warning: Citation 'paola_phd' on page 4 undefined on input line 25.


LaTeX Warning: Citation 'vedral_quantification' on page 4 undefined on input line 25.


LaTeX Warning: Citation 'Amico2008' on page 4 undefined on input line 28.


LaTeX Warning: Citation 'chsh_ineq' on page 4 undefined on input line 28.


LaTeX Warning: Citation 'paola_phd' on page 4 undefined on input line 28.


LaTeX Warning: Citation 'plenio_negativity' on page 4 undefined on input line 28.


LaTeX Warning: Citation 'bennett_correction' on page 4 undefined on input line 28.


LaTeX Warning: Reference `subsec:entropy_negativity' on page 4 undefined on input line 28.


LaTeX Warning: Citation 'vedral_quantification' on page 4 undefined on input line 31.


LaTeX Warning: Reference `subsec:entanglement_physics' on page 4 undefined on input line 31.


LaTeX Warning: Citation 'gisin_1996' on page 4 undefined on input line 31.


LaTeX Warning: Citation 'paola_phd' on page 4 undefined on input line 31.


Overfull \hbox (8.43108pt too wide) in paragraph at lines 31--32
[]\OT1/lmr/m/n/10.95 In Ve-dral et al. 1997, a set of ax-ioms for en-tan-gle-ment to sat-isfy is pre-sented [[]]
 []


LaTeX Warning: Citation 'plenio_negativity' on page 4 undefined on input line 39.


LaTeX Warning: Citation 'paola_phd' on page 4 undefined on input line 39.


LaTeX Warning: Citation 'paola_phd' on page 4 undefined on input line 39.


LaTeX Warning: Reference `subsec:entropy_negativity' on page 4 undefined on input line 39.


LaTeX Warning: Citation 'plenio_negativity' on page 4 undefined on input line 39.


LaTeX Warning: Reference `subsec:sdrg_proc' on page 4 undefined on input line 39.


LaTeX Warning: Citation 'calabrese_spectrum_2008' on page 5 undefined on input line 55.


LaTeX Warning: Citation 'paola2016' on page 5 undefined on input line 55.


LaTeX Warning: Reference `subsec:sdrg_lit' on page 5 undefined on input line 55.


Overfull \hbox (120.58144pt too wide) in paragraph at lines 55--56
[]\OT1/lmr/m/n/10.95 Single mea-sures of en-tan-gle-ment have also been ex-tended to a com-plete en-tan-gle-ment spectrum[[]],
 []


LaTeX Warning: Citation 'renyi_entropy' on page 5 undefined on input line 80.


LaTeX Warning: Reference `eq:neumann_entropy' on page 5 undefined on input line 86.


LaTeX Warning: Citation 'lieb_subadditivity' on page 5 undefined on input line 86.


LaTeX Warning: Citation 'paola_phd' on page 5 undefined on input line 86.


LaTeX Warning: Citation 'paola_phd' on page 5 undefined on input line 88.


LaTeX Warning: Citation 'paola2016' on page 5 undefined on input line 94.


LaTeX Warning: Citation 'paola_phd' on page 6 undefined on input line 106.


LaTeX Warning: Citation 'vidal_werner' on page 6 undefined on input line 106.


LaTeX Warning: Reference `eq:logneg' on page 6 undefined on input line 106.


LaTeX Warning: Citation 'eisert_review' on page 6 undefined on input line 116.


LaTeX Warning: Citation 'bombelli_86' on page 6 undefined on input line 116.


LaTeX Warning: Citation 'srednicki_area' on page 6 undefined on input line 116.


LaTeX Warning: Reference `sec:intro' on page 6 undefined on input line 116.


LaTeX Warning: Citation 'hastings_area_law' on page 6 undefined on input line 116.


LaTeX Warning: Citation 'page_entropy_1993' on page 6 undefined on input line 122.


LaTeX Warning: Citation 'wolf_fermion_corrections' on page 6 undefined on input line 125.


LaTeX Warning: Citation 'calabrese_entanglement_2004' on page 6 undefined on input line 125.


LaTeX Warning: Reference `subsec:entropy_negativity' on page 6 undefined on input line 138.


LaTeX Warning: Citation 'calabrese_qft_2012' on page 6 undefined on input line 138.

) (./chpts/sdrg.tex

LaTeX Warning: Citation 'giampaolo_2019' on page 7 undefined on input line 11.


LaTeX Warning: Reference `subsec:sdrg_flow' on page 7 undefined on input line 26.


LaTeX Warning: Citation 'Fisher1994' on page 7 undefined on input line 26.


LaTeX Warning: Citation 'fisher_1998' on page 7 undefined on input line 29.


LaTeX Warning: Citation 'Igloi2005' on page 7 undefined on input line 32.


LaTeX Warning: Citation 'Igloi2018' on page 7 undefined on input line 32.


LaTeX Warning: Citation 'mccoy_wu_1968' on page 7 undefined on input line 32.


LaTeX Warning: Citation 'dasgupta_ma' on page 7 undefined on input line 32.


LaTeX Warning: Citation 'dasgupta_ma_1980' on page 7 undefined on input line 32.


LaTeX Warning: Citation 'Fisher1994' on page 7 undefined on input line 32.


LaTeX Warning: Citation 'bouchard_diffusion' on page 7 undefined on input line 32.


LaTeX Warning: Citation 'motrunich_1999' on page 7 undefined on input line 32.


LaTeX Warning: Citation 'monthus_polymers_2000' on page 7 undefined on input line 32.


LaTeX Warning: Citation 'refael2004' on page 7 undefined on input line 32.


LaTeX Warning: Citation 'Vitagliano2010' on page 7 undefined on input line 32.


LaTeX Warning: Citation 'paola2016' on page 7 undefined on input line 32.


LaTeX Warning: Citation 'paola2018' on page 7 undefined on input line 32.


Overfull \hbox (30.08809pt too wide) in paragraph at lines 32--33
\OT1/lmr/m/n/10.95 ([[]], [[]], [[]], [[]], [[]],
 []


LaTeX Warning: Citation 'white_DMRG' on page 7 undefined on input line 34.


LaTeX Warning: Citation 'schollwoeck_dmrg' on page 7 undefined on input line 34.


LaTeX Warning: Citation 'schollwoeck_2010' on page 7 undefined on input line 34.


LaTeX Warning: Citation 'paola2016' on page 7 undefined on input line 34.


Overfull \hbox (15.5924pt too wide) in paragraph at lines 34--35
\OT1/lmr/m/n/10.95 ma-trix renor-mal-i-sa-tion group (DMRG)[[]]. For a thor-ough re-view, see [[]]
 []


LaTeX Warning: Citation 'paola2016' on page 7 undefined on input line 39.

LaTeX Font Info:    External font `lmex10' loaded for size
(Font)              <9> on input line 51.
LaTeX Font Info:    External font `lmex10' loaded for size
(Font)              <5> on input line 51.

LaTeX Warning: Citation 'paola2016' on page 8 undefined on input line 51.


LaTeX Warning: Citation 'Fisher1994' on page 8 undefined on input line 73.


LaTeX Warning: Citation 'Fisher1994' on page 8 undefined on input line 79.


LaTeX Warning: Reference `eq:flow_equation' on page 8 undefined on input line 91.


LaTeX Warning: Reference `fig:irfp_flow' on page 8 undefined on input line 94.


LaTeX Warning: Citation 'paola2016' on page 8 undefined on input line 94.

(../data/imgs/IRFP_plot.tikz
A tikzpicture has been optimized away. Use '/tikz/external/optimize=false' to disable this.
)

LaTeX Warning: `h' float specifier changed to `ht'.


LaTeX Warning: Reference `eq:groundstate' on page 8 undefined on input line 104.


LaTeX Warning: Reference `eq:micro_groundstate' on page 9 undefined on input line 112.


LaTeX Warning: Reference `eq:neumann_entropy' on page 9 undefined on input line 132.


LaTeX Warning: Citation 'refael2004' on page 9 undefined on input line 138.


LaTeX Warning: Citation 'paola2016' on page 9 undefined on input line 138.


LaTeX Warning: Reference `eq:groundstate' on page 9 undefined on input line 140.


LaTeX Warning: Reference `subsec:entropy_negativity' on page 9 undefined on input line 140.


LaTeX Warning: Reference `eq:micro_groundstate_explicit' on page 9 undefined on input line 151.


LaTeX Warning: Citation 'paola2016' on page 9 undefined on input line 151.


LaTeX Warning: Citation 'paola2016' on page 10 undefined on input line 169.


LaTeX Warning: Reference `subsec:entropy_negativity' on page 10 undefined on input line 175.

) (./chpts/algorithm.tex

LaTeX Warning: Citation 'paola_22' on page 11 undefined on input line 5.


LaTeX Warning: Citation 'paola2016' on page 11 undefined on input line 5.


LaTeX Warning: Reference `fig:data_mask' on page 11 undefined on input line 7.


LaTeX Warning: Reference `alg:sdrg' on page 11 undefined on input line 7.

LaTeX Font Info:    Trying to load font information for OT1+lmtt on input line 14.
(/usr/local/texlive/2022/texmf-dist/tex/latex/lm/ot1lmtt.fd
File: ot1lmtt.fd 2015/05/01 v1.6.1 Font defs for Latin Modern
) (./diagrams/algo_diagram.tikz
A tikzpicture has been optimized away. Use '/tikz/external/optimize=false' to disable this.
)

LaTeX Warning: Reference `fig:sdrg_performance' on page 11 undefined on input line 45.

(../data/imgs/sdrg_timings.tikz
A tikzpicture has been optimized away. Use '/tikz/external/optimize=false' to disable this.
)

LaTeX Warning: Reference `fig:analysis_timing_benchmarks' on page 11 undefined on input line 54.

(../data/imgs/bits_64_analysis_timings.tikz
A tikzpicture has been optimized away. Use '/tikz/external/optimize=false' to disable this.
)
LaTeX Font Info:    External font `lmex10' loaded for size
(Font)              <10> on input line 61.
LaTeX Font Info:    External font `lmex10' loaded for size
(Font)              <7> on input line 61.
(../data/imgs/bits_128_analysis_timings.tikz
A tikzpicture has been optimized away. Use '/tikz/external/optimize=false' to disable this.
)

LaTeX Warning: Reference `fig:analysis_64bit_timings' on page 12 undefined on input line 71.


LaTeX Warning: Reference `fig:analysis_128bit_timings' on page 12 undefined on input line 71.


LaTeX Warning: Reference `fig:analysis_64bit_timings' on page 12 undefined on input line 71.


LaTeX Warning: Reference `fig:analysis_128bit_timings' on page 12 undefined on input line 71.

) (./chpts/old_results.tex

LaTeX Warning: Citation 'refael2004' on page 13 undefined on input line 3.


LaTeX Warning: Citation 'paola2016' on page 13 undefined on input line 3.


LaTeX Warning: Citation 'paola2018' on page 13 undefined on input line 3.


Overfull \hbox (15.14194pt too wide) in paragraph at lines 3--4
\OT1/lmr/m/n/10.95 A num-ber of re-sults for the scal-ing of en-tan-gle-ment mea-sures al-ready ex-ist (see [[]], [[]],
 []


LaTeX Warning: Citation 'paola2016' on page 13 undefined on input line 6.


LaTeX Warning: Reference `fig:baseline_entanglement' on page 13 undefined on input line 6.


LaTeX Warning: Reference `alg:sdrg' on page 13 undefined on input line 9.


LaTeX Warning: Citation 'refael2004' on page 13 undefined on input line 9.


LaTeX Warning: Reference `eq:model_hamiltonian' on page 13 undefined on input line 9.


LaTeX Warning: Reference `eq:micro_groundstate' on page 13 undefined on input line 9.


LaTeX Warning: Reference `eq:neumann_entropy' on page 13 undefined on input line 9.


LaTeX Warning: Reference `fig:baseline_entropy_pbc' on page 13 undefined on input line 11.


LaTeX Warning: Reference `fig:baseline_entropy_pbc_raw' on page 13 undefined on input line 11.


LaTeX Warning: Citation 'fagotti_2011' on page 13 undefined on input line 21.


LaTeX Warning: Reference `fig:baseline_entanglement' on page 13 undefined on input line 24.


LaTeX Warning: Citation 'refael2004' on page 13 undefined on input line 24.


LaTeX Warning: Reference `fig:baseline_entropy_pbc_raw' on page 13 undefined on input line 30.


LaTeX Warning: Citation 'paola2016' on page 13 undefined on input line 30.

(../data/imgs/entropy_baseline_pbc.tikz
A tikzpicture has been optimized away. Use '/tikz/external/optimize=false' to disable this.
) (../data/imgs/entropy_baseline_obc.tikz
A tikzpicture has been optimized away. Use '/tikz/external/optimize=false' to disable this.
) (../data/imgs/entropy_baseline_pbc_raw.tikz
A tikzpicture has been optimized away. Use '/tikz/external/optimize=false' to disable this.
) (../data/imgs/entropy_baseline_obc_raw.tikz
A tikzpicture has been optimized away. Use '/tikz/external/optimize=false' to disable this.
)

LaTeX Warning: Citation 'paola2016' on page 13 undefined on input line 60.


LaTeX Warning: Reference `subsec:baseline_entropy' on page 13 undefined on input line 60.


LaTeX Warning: Reference `fig:baseline_entropy_pbc' on page 13 undefined on input line 60.


LaTeX Warning: Reference `fig:baseline_entropy_obc' on page 13 undefined on input line 60.


LaTeX Warning: Reference `fig:baseline_entropy_pbc_raw' on page 13 undefined on input line 60.


LaTeX Warning: Reference `fig:baseline_entropy_obc_raw' on page 13 undefined on input line 60.


LaTeX Warning: Citation 'paola2016' on page 13 undefined on input line 60.


LaTeX Warning: Reference `subsec:baseline_entropy' on page 13 undefined on input line 60.


LaTeX Warning: Reference `fig:baseline_entropy_pbc' on page 13 undefined on input line 60.


LaTeX Warning: Reference `fig:baseline_entropy_obc' on page 13 undefined on input line 60.


LaTeX Warning: Reference `fig:baseline_entropy_pbc_raw' on page 13 undefined on input line 60.


LaTeX Warning: Reference `fig:baseline_entropy_obc_raw' on page 13 undefined on input line 60.


LaTeX Warning: Citation 'paola2016' on page 13 undefined on input line 66.


LaTeX Warning: Reference `sec:entanglement' on page 13 undefined on input line 66.


LaTeX Warning: Citation 'paola2016' on page 13 undefined on input line 66.


LaTeX Warning: Reference `subsec:baseline_entropy' on page 13 undefined on input line 66.


LaTeX Warning: Citation 'paola2016' on page 13 undefined on input line 66.


LaTeX Warning: Reference `fig:baseline_negativity' on page 13 undefined on input line 68.


LaTeX Warning: Citation 'paola2016' on page 13 undefined on input line 68.


LaTeX Warning: Reference `fig:baseline_negativity_pbc' on page 13 undefined on input line 74.


LaTeX Warning: Citation 'paola2016' on page 14 undefined on input line 80.

(../data/imgs/baseline_negativity_plot_pbc.tikz
A tikzpicture has been optimized away. Use '/tikz/external/optimize=false' to disable this.
) (../data/imgs/baseline_negativity_plot_obc.tikz
A tikzpicture has been optimized away. Use '/tikz/external/optimize=false' to disable this.
)

LaTeX Warning: Citation 'paola2016' on page 14 undefined on input line 105.


LaTeX Warning: Reference `subsec:baseline_negativity' on page 14 undefined on input line 105.


LaTeX Warning: Reference `fig:baseline_negativity_pbc' on page 14 undefined on input line 105.


LaTeX Warning: Reference `eq:shifted negativity' on page 14 undefined on input line 105.


LaTeX Warning: Reference `fig:baseline_negativity_obc' on page 14 undefined on input line 105.


LaTeX Warning: Reference `eq:logneg_infinite_chain' on page 14 undefined on input line 105.


LaTeX Warning: Citation 'paola2016' on page 14 undefined on input line 105.


LaTeX Warning: Reference `subsec:baseline_negativity' on page 14 undefined on input line 105.


LaTeX Warning: Reference `fig:baseline_negativity_pbc' on page 14 undefined on input line 105.


LaTeX Warning: Reference `eq:shifted negativity' on page 14 undefined on input line 105.


LaTeX Warning: Reference `fig:baseline_negativity_obc' on page 14 undefined on input line 105.


LaTeX Warning: Reference `eq:logneg_infinite_chain' on page 14 undefined on input line 105.


LaTeX Warning: Citation 'paola2018' on page 14 undefined on input line 110.


LaTeX Warning: Citation 'Vitagliano2010' on page 14 undefined on input line 116.


LaTeX Warning: Reference `fig:rainbow_chain' on page 14 undefined on input line 116.


LaTeX Warning: Reference `fig:rainbow_chain' on page 14 undefined on input line 118.


LaTeX Warning: Citation 'Vitagliano2010' on page 14 undefined on input line 118.

(./diagrams/rainbow_chain.tikz
A tikzpicture has been optimized away. Use '/tikz/external/optimize=false' to disable this.
)

LaTeX Warning: Citation 'Vitagliano2010' on page 15 undefined on input line 123.


LaTeX Warning: Citation 'paola2018' on page 15 undefined on input line 123.


LaTeX Warning: Citation 'Vitagliano2010' on page 15 undefined on input line 123.


LaTeX Warning: Citation 'paola2018' on page 15 undefined on input line 123.


LaTeX Warning: Reference `subsec:baseline_entropy' on page 15 undefined on input line 127.


LaTeX Warning: Citation 'paola2018' on page 15 undefined on input line 127.


LaTeX Warning: Reference `fig:randbow_sqrt_entropy' on page 15 undefined on input line 127.


LaTeX Warning: Reference `fig:randbow_ratio_entropy' on page 15 undefined on input line 127.


LaTeX Warning: Reference `fig:randbow_sqrt_entropy' on page 15 undefined on input line 127.


LaTeX Warning: Citation 'paola2018' on page 15 undefined on input line 129.


LaTeX Warning: Reference `subsec:randbow_exact' on page 15 undefined on input line 129.

(../data/imgs/randbow_sqrt_entropy.tikz
A tikzpicture has been optimized away. Use '/tikz/external/optimize=false' to disable this.
) (../data/imgs/randbow_ratio_entropy.tikz
A tikzpicture has been optimized away. Use '/tikz/external/optimize=false' to disable this.
)

LaTeX Warning: Citation 'paola2018' on page 15 undefined on input line 146.


LaTeX Warning: Reference `fig:bubble_demonstration' on page 15 undefined on input line 146.

(./diagrams/bubble_demonstration.tikz
A tikzpicture has been optimized away. Use '/tikz/external/optimize=false' to disable this.
)

LaTeX Warning: Citation 'paola2018' on page 15 undefined on input line 151.


LaTeX Warning: Citation 'paola2018' on page 15 undefined on input line 151.


LaTeX Warning: `h' float specifier changed to `ht'.


LaTeX Warning: Reference `fig:p_r_distribution' on page 15 undefined on input line 155.


LaTeX Warning: Reference `fig:p_b_distribution' on page 15 undefined on input line 155.

(../data/imgs/p_r_distribution.tikz
A tikzpicture has been optimized away. Use '/tikz/external/optimize=false' to disable this.
) (../data/imgs/p_b_distribution.tikz
A tikzpicture has been optimized away. Use '/tikz/external/optimize=false' to disable this.
)

LaTeX Warning: Reference `fig:p_r_distribution' on page 16 undefined on input line 172.


LaTeX Warning: Reference `fig:p_b_distribution' on page 16 undefined on input line 172.


LaTeX Warning: Reference `fig:p_r_distribution' on page 16 undefined on input line 172.


LaTeX Warning: Reference `fig:p_b_distribution' on page 16 undefined on input line 172.


LaTeX Warning: `h' float specifier changed to `ht'.


LaTeX Warning: Citation 'paola2018' on page 16 undefined on input line 186.


LaTeX Warning: Reference `fig:p_b_distribution' on page 16 undefined on input line 186.


LaTeX Warning: Reference `eq:N_regions_identity' on page 16 undefined on input line 204.


LaTeX Warning: Reference `eq:entropy_r_regions' on page 16 undefined on input line 204.


LaTeX Warning: Reference `app:exact_solution' on page 16 undefined on input line 214.


LaTeX Warning: Reference `fig:exact_randbow_solve' on page 17 undefined on input line 216.

(../data/imgs/exact_randbow_solve.tikz
A tikzpicture has been optimized away. Use '/tikz/external/optimize=false' to disable this.
) (../data/imgs/exact_randbow_solve_clean.tikz
A tikzpicture has been optimized away. Use '/tikz/external/optimize=false' to disable this.
)

LaTeX Warning: Reference `fig:exact_randbow_solve' on page 17 undefined on input line 251.


LaTeX Warning: Reference `fig:exact_randbow_solve_clean' on page 17 undefined on input line 251.


LaTeX Warning: Reference `fig:exact_randbow_solve' on page 17 undefined on input line 251.


LaTeX Warning: Reference `fig:exact_randbow_solve_clean' on page 17 undefined on input line 251.

) (./chpts/randbow_negativity.tex

LaTeX Warning: Reference `fig:disjoint_diagram' on page 18 undefined on input line 5.


LaTeX Warning: Reference `subsec:randbow_analysis' on page 18 undefined on input line 9.


LaTeX Warning: Citation 'paola2018' on page 18 undefined on input line 9.


LaTeX Warning: Citation 'paola2018' on page 18 undefined on input line 11.


LaTeX Warning: Citation 'paola2018' on page 18 undefined on input line 13.


LaTeX Warning: Citation 'paola2018' on page 18 undefined on input line 13.


LaTeX Warning: Reference `subsec:baseline_negativity' on page 18 undefined on input line 16.


LaTeX Warning: Reference `fig:randbow_negativity_scaling' on page 18 undefined on input line 16.


LaTeX Warning: Reference `fig:randbow_central_neg_XX' on page 18 undefined on input line 19.


LaTeX Warning: Citation 'paola2018' on page 18 undefined on input line 21.


LaTeX Warning: Reference `subsec:randbow_negativity_analytical' on page 18 undefined on input line 21.


LaTeX Warning: Citation 'paola2018' on page 18 undefined on input line 23.


LaTeX Warning: Citation 'paola2018' on page 18 undefined on input line 23.

(../data/imgs/randbow_central_neg_obc_XX.tikz
NOTE: coordinate (0.0,0.3401963092807868) has been dropped because it is unbounded (in x). (see also unbounded coords=jump). 
NOTE: coordinate (0.0,0.27328006004220545) has been dropped because it is unbounded (in x). (see also unbounded coords=jump). 
LaTeX Font Info:    Calculating math sizes for size <18> on input line 1647.
LaTeX Font Info:    External font `lmex10' loaded for size
(Font)              <18> on input line 1647.
LaTeX Font Info:    External font `lmex10' loaded for size
(Font)              <12.59995> on input line 1647.
) (../data/imgs/randbow_central_neg_obc_XX.tikz
NOTE: coordinate (0.0,0.3401963092807868) has been dropped because it is unbounded (in x). (see also unbounded coords=jump). 
NOTE: coordinate (0.0,0.27328006004220545) has been dropped because it is unbounded (in x). (see also unbounded coords=jump). 
) (../data/imgs/randbow_central_neg_obc_XX.tikz
NOTE: coordinate (0.0,0.3401963092807868) has been dropped because it is unbounded (in x). (see also unbounded coords=jump). 
NOTE: coordinate (0.0,0.27328006004220545) has been dropped because it is unbounded (in x). (see also unbounded coords=jump). 
) (../data/imgs/randbow_central_neg_obc_XX.tikz
NOTE: coordinate (0.0,0.3401963092807868) has been dropped because it is unbounded (in x). (see also unbounded coords=jump). 
NOTE: coordinate (0.0,0.27328006004220545) has been dropped because it is unbounded (in x). (see also unbounded coords=jump). 
) (../data/imgs/randbow_central_neg_obc_XX.tikz
NOTE: coordinate (0.0,0.3401963092807868) has been dropped because it is unbounded (in x). (see also unbounded coords=jump). 
NOTE: coordinate (0.0,0.27328006004220545) has been dropped because it is unbounded (in x). (see also unbounded coords=jump). 
) (../data/imgs/randbow_central_neg_obc_XX.tikz
NOTE: coordinate (0.0,0.3401963092807868) has been dropped because it is unbounded (in x). (see also unbounded coords=jump). 
NOTE: coordinate (0.0,0.27328006004220545) has been dropped because it is unbounded (in x). (see also unbounded coords=jump). 
) (../data/imgs/randbow_central_neg_obc_XX.tikz
\openout4 = `tikz/main-figure21.dpth'.

NOTE: coordinate (0.0,0.3401963092807868) has been dropped because it is unbounded (in x). (see also unbounded coords=jump). 
NOTE: coordinate (0.0,0.27328006004220545) has been dropped because it is unbounded (in x). (see also unbounded coords=jump). 
[18

\providecommand \oddpage@label [2]{}
{/usr/local/texlive/2022/texmf-var/fonts/map/pdftex/updmap/pdftex.map}]) (../data/imgs/randbow_central_neg_obc_XXY.tikz
A tikzpicture has been optimized away. Use '/tikz/external/optimize=false' to disable this.
)

LaTeX Warning: Reference `fig:randbow_central_neg_XX' on page 18 undefined on input line 40.


LaTeX Warning: Reference `subsec:randbow_exact' on page 18 undefined on input line 40.


LaTeX Warning: Reference `fig:randbow_central_neg_XXX' on page 18 undefined on input line 40.


LaTeX Warning: Reference `fig:randbow_central_neg_XX' on page 18 undefined on input line 40.


LaTeX Warning: Reference `subsec:randbow_exact' on page 18 undefined on input line 40.


LaTeX Warning: Reference `fig:randbow_central_neg_XXX' on page 18 undefined on input line 40.


LaTeX Warning: Reference `fig:disjoint_diagram' on page 18 undefined on input line 44.


LaTeX Warning: Reference `fig:randbow_central_neg_XXX' on page 19 undefined on input line 46.


LaTeX Warning: Reference `fig:randbow_central_neg_XXX' on page 19 undefined on input line 46.

(../data/imgs/randbow_central_neg_obc_XX_vary_r.tikz
A tikzpicture has been optimized away. Use '/tikz/external/optimize=false' to disable this.
) (../data/imgs/randbow_central_neg_obc_XXY_vary_r.tikz
A tikzpicture has been optimized away. Use '/tikz/external/optimize=false' to disable this.
)

LaTeX Warning: Reference `fig:randbow_central_neg_vary_r_XX' on page 19 undefined on input line 63.


LaTeX Warning: Reference `fig:randbow_central_neg_XX' on page 19 undefined on input line 63.


LaTeX Warning: Reference `fig:randbow_central_neg_vary_r_XXX' on page 19 undefined on input line 63.


LaTeX Warning: Reference `fig:randbow_central_neg_XXX' on page 19 undefined on input line 63.


LaTeX Warning: Reference `fig:randbow_central_neg_vary_r_XX' on page 19 undefined on input line 63.


LaTeX Warning: Reference `fig:randbow_central_neg_XX' on page 19 undefined on input line 63.


LaTeX Warning: Reference `fig:randbow_central_neg_vary_r_XXX' on page 19 undefined on input line 63.


LaTeX Warning: Reference `fig:randbow_central_neg_XXX' on page 19 undefined on input line 63.

) (./chpts/powerbow.tex

LaTeX Warning: Citation 'Vitagliano2010' on page 20 undefined on input line 4.


LaTeX Warning: Citation 'Vitagliano2010' on page 20 undefined on input line 10.


LaTeX Warning: Reference `eq:general_coupling_form' on page 20 undefined on input line 16.


LaTeX Warning: Citation 'paola2018' on page 20 undefined on input line 21.


LaTeX Warning: Reference `subsec:sdrg_proc' on page 20 undefined on input line 23.


LaTeX Warning: Reference `subsec:baseline_entropy' on page 20 undefined on input line 28.


LaTeX Warning: Reference `subsec:baseline_negativity' on page 20 undefined on input line 29.


LaTeX Warning: Reference `subsec:randbow' on page 20 undefined on input line 35.


LaTeX Warning: Reference `fig:powerbow_entropy' on page 20 undefined on input line 35.


LaTeX Warning: Reference `subsec:powerbow_analytical' on page 20 undefined on input line 37.

(../data/imgs/powerbow_entropy_1000.tikz
A tikzpicture has been optimized away. Use '/tikz/external/optimize=false' to disable this.
) (../data/imgs/powerbow_entropy_2000.tikz
A tikzpicture has been optimized away. Use '/tikz/external/optimize=false' to disable this.
)

LaTeX Warning: Reference `eq:powerbow_couplings' on page 21 undefined on input line 57.


LaTeX Warning: Reference `fig:powerbow_entropy_1000' on page 21 undefined on input line 57.


LaTeX Warning: Reference `fig:powerbow_entropy_2000' on page 21 undefined on input line 57.


LaTeX Warning: Reference `eq:powerbow_couplings' on page 21 undefined on input line 57.


LaTeX Warning: Reference `fig:powerbow_entropy_1000' on page 21 undefined on input line 57.


LaTeX Warning: Reference `fig:powerbow_entropy_2000' on page 21 undefined on input line 57.


LaTeX Warning: Reference `app:exact_solution' on page 21 undefined on input line 61.


LaTeX Warning: Reference `fig:powerbow_entropy_exact' on page 21 undefined on input line 61.


LaTeX Warning: Reference `fig:powerbow_entropy_1000' on page 21 undefined on input line 61.


LaTeX Warning: Reference `fig:powerbow_entropy_2000' on page 21 undefined on input line 61.

(../data/imgs/exact_powerbow_solve.tikz
A tikzpicture has been optimized away. Use '/tikz/external/optimize=false' to disable this.
)

LaTeX Warning: Reference `fig:powerbow_negativity_scaling' on page 21 undefined on input line 73.

(../data/imgs/powerbow_central_neg_obc_XX.tikz
A tikzpicture has been optimized away. Use '/tikz/external/optimize=false' to disable this.
) (../data/imgs/powerbow_central_neg_obc_XXY.tikz
A tikzpicture has been optimized away. Use '/tikz/external/optimize=false' to disable this.
)

LaTeX Warning: Reference `fig:powerbow_negativity_XX' on page 21 undefined on input line 93.


LaTeX Warning: Reference `fig:powerbow_negativity_XXX' on page 21 undefined on input line 93.


LaTeX Warning: Reference `fig:powerbow_negativity_XX' on page 21 undefined on input line 93.


LaTeX Warning: Reference `fig:powerbow_negativity_XXX' on page 21 undefined on input line 93.


LaTeX Warning: Reference `subsec:neg_sdrg_results' on page 21 undefined on input line 97.


LaTeX Warning: Reference `fig:powerbow_negativity_scaling_r' on page 21 undefined on input line 97.

(../data/imgs/powerbow_central_neg_obc_XX_vary_r.tikz
A tikzpicture has been optimized away. Use '/tikz/external/optimize=false' to disable this.
) (../data/imgs/powerbow_central_neg_obc_XXY_vary_r.tikz
A tikzpicture has been optimized away. Use '/tikz/external/optimize=false' to disable this.
)

LaTeX Warning: Reference `fig:randbow_negativity_scaling_vary_r' on page 21 undefined on input line 116.


LaTeX Warning: Reference `fig:randbow_central_neg_vary_r_XX' on page 21 undefined on input line 116.


LaTeX Warning: Reference `fig:randbow_negativity_scaling_vary_r' on page 21 undefined on input line 116.


LaTeX Warning: Reference `fig:randbow_central_neg_vary_r_XX' on page 21 undefined on input line 116.

) (./chpts/conclusion.tex

LaTeX Warning: Reference `sec:randbow_negativity_results' on page 23 undefined on input line 9.


LaTeX Warning: Citation 'paola2018' on page 23 undefined on input line 17.


LaTeX Warning: Citation 'paola2018' on page 23 undefined on input line 17.

) (./chpts/quantum.tex

LaTeX Warning: Reference `subsec:randbow_exact' on page 24 undefined on input line 8.


LaTeX Warning: Reference `subsec:powerbow_sdrg' on page 24 undefined on input line 8.


LaTeX Warning: Citation 'susskind' on page 24 undefined on input line 44.


LaTeX Warning: Citation 'blundell_qft' on page 24 undefined on input line 44.


LaTeX Warning: Reference `eq:U_definition' on page 25 undefined on input line 58.


LaTeX Warning: Reference `subsec:powerbow_exact' on page 25 undefined on input line 70.


LaTeX Warning: Reference `subsec:hamiltonians' on page 25 undefined on input line 70.


LaTeX Warning: Citation 'bender_hermitian' on page 25 undefined on input line 74.


LaTeX Warning: Citation 'cresser' on page 25 undefined on input line 76.


LaTeX Warning: Reference `subsec:time_evolution' on page 25 undefined on input line 94.


LaTeX Warning: Reference `subsec:spin' on page 25 undefined on input line 94.


LaTeX Warning: Reference `subsec:model_def' on page 25 undefined on input line 94.


LaTeX Warning: Citation 'pauli_nobel' on page 26 undefined on input line 136.


LaTeX Warning: Citation 'blundell_qft' on page 26 undefined on input line 136.


LaTeX Warning: Citation 'quantum_ising_beginners' on page 26 undefined on input line 159.


LaTeX Warning: Reference `subsec:spin' on page 27 undefined on input line 161.


LaTeX Warning: Citation 'paola2016' on page 27 undefined on input line 183.


LaTeX Warning: Citation 'paola2016' on page 27 undefined on input line 193.


LaTeX Warning: Reference `eq:model_hamiltonian' on page 27 undefined on input line 193.


LaTeX Warning: Reference `eq:jw_to_fermions' on page 27 undefined on input line 199.


LaTeX Warning: Reference `eq:eta_operator_def' on page 27 undefined on input line 227.


LaTeX Warning: Citation 'peschelReducedDensityMatrices2009' on page 28 undefined on input line 245.


LaTeX Warning: Reference `subsec:randbow_exact' on page 28 undefined on input line 251.

)

LaTeX Warning: Empty bibliography on input line 105.


LaTeX Warning: There were undefined references.


Package biblatex Warning: Please (re)run Biber on the file:
(biblatex)                tikz/main-figure21
(biblatex)                and rerun LaTeX afterwards.

Package logreq Info: Writing requests to 'tikz/main-figure21.run.xml'.
\openout1 = `tikz/main-figure21.run.xml'.

 ) 
Here is how much of TeX's memory you used:
 50796 strings out of 478268
 1265957 string characters out of 5846348
 2356635 words of memory out of 5000000
 68108 multiletter control sequences out of 15000+600000
 554140 words of font info for 100 fonts, out of 8000000 for 9000
 1141 hyphenation exceptions out of 8191
 103i,23n,106p,3377b,3097s stack positions out of 10000i,1000n,20000p,200000b,200000s
{/usr/local/texlive/2022/texmf-dist/fonts/enc/dvips/lm/lm-rm.enc}{/usr/local/texlive/2022/texmf-dist/fonts/enc/dvips/lm/lm-mathsy.enc}{/usr/local/texlive/2022/texmf-dist/fonts/enc/dvips/lm/lm-mathit.enc}</usr/local/texlive/2022/texmf-dist/fonts/type1/public/lm/lmmi12.pfb></usr/local/texlive/2022/texmf-dist/fonts/type1/public/lm/lmr12.pfb></usr/local/texlive/2022/texmf-dist/fonts/type1/public/lm/lmr17.pfb></usr/local/texlive/2022/texmf-dist/fonts/type1/public/lm/lmr9.pfb></usr/local/texlive/2022/texmf-dist/fonts/type1/public/lm/lmsy10.pfb>
Output written on tikz/main-figure21.pdf (1 page, 124066 bytes).
PDF statistics:
 51 PDF objects out of 1000 (max. 8388607)
 30 compressed objects within 1 object stream
 2 named destinations out of 1000 (max. 500000)
 13 words of extra memory for PDF output out of 10000 (max. 10000000)

